[Thu May 29 01:35:28 2025] PHP 8.4.6 Development Server (http://localhost:2525) started
[Thu May 29 01:35:51 2025] [::1]:50882 Accepted
[Thu May 29 01:35:52 2025] [::1]:50882 [302]: GET /
[Thu May 29 01:35:52 2025] [::1]:50882 Closing
[Thu May 29 01:35:52 2025] [::1]:50890 Accepted
[Thu May 29 01:35:52 2025] [::1]:50890 [200]: GET /login.php
[Thu May 29 01:35:52 2025] [::1]:50890 Closing
[Thu May 29 01:35:52 2025] [::1]:50892 Accepted
[Thu May 29 01:35:52 2025] [::1]:50908 Accepted
[Thu May 29 01:35:52 2025] [::1]:50892 [200]: GET /assets/css/bootstrap.min.css
[Thu May 29 01:35:52 2025] [::1]:50908 [200]: GET /assets/css/style.css
[Thu May 29 01:35:52 2025] [::1]:50892 Closing
[Thu May 29 01:35:52 2025] [::1]:50908 Closing
[Thu May 29 01:35:52 2025] [::1]:50914 Accepted
[Thu May 29 01:35:52 2025] [::1]:50914 [302]: GET /favicon.ico
[Thu May 29 01:35:52 2025] [::1]:50914 Closing
[Thu May 29 01:36:02 2025] [::1]:60218 Accepted
[Thu May 29 01:36:02 2025] [::1]:60218 [200]: POST /login.php
[Thu May 29 01:36:02 2025] [::1]:60218 Closing
[Thu May 29 01:36:02 2025] [::1]:60220 Accepted
[Thu May 29 01:36:02 2025] [::1]:60220 [200]: GET /assets/css/bootstrap.min.css
[Thu May 29 01:36:02 2025] [::1]:60220 Closing
[Thu May 29 01:36:02 2025] [::1]:60234 Accepted
[Thu May 29 01:36:02 2025] [::1]:60234 [200]: GET /assets/css/style.css
[Thu May 29 01:36:02 2025] [::1]:60234 Closing
[Thu May 29 01:36:02 2025] [::1]:60244 Accepted
[Thu May 29 01:36:02 2025] [::1]:60244 [302]: GET /favicon.ico
[Thu May 29 01:36:02 2025] [::1]:60244 Closing
[Thu May 29 01:36:02 2025] [::1]:60254 Accepted
[Thu May 29 01:36:02 2025] [::1]:60254 [200]: GET /login.php
[Thu May 29 01:36:02 2025] [::1]:60254 Closing
[Thu May 29 01:36:23 2025] [::1]:38754 Accepted
[Thu May 29 01:36:23 2025] [::1]:38754 [200]: POST /login.php
[Thu May 29 01:36:23 2025] [::1]:38754 Closing
[Thu May 29 01:36:24 2025] [::1]:38758 Accepted
[Thu May 29 01:36:24 2025] [::1]:38760 Accepted
[Thu May 29 01:36:24 2025] [::1]:38758 [200]: GET /assets/css/bootstrap.min.css
[Thu May 29 01:36:24 2025] [::1]:38760 [200]: GET /assets/css/style.css
[Thu May 29 01:36:24 2025] [::1]:38758 Closing
[Thu May 29 01:36:24 2025] [::1]:38760 Closing
[Thu May 29 01:36:24 2025] [::1]:38776 Accepted
[Thu May 29 01:36:24 2025] [::1]:38776 [302]: GET /favicon.ico
[Thu May 29 01:36:24 2025] [::1]:38776 Closing
[Thu May 29 01:36:24 2025] [::1]:38786 Accepted
[Thu May 29 01:36:24 2025] [::1]:38786 [200]: GET /login.php
[Thu May 29 01:36:24 2025] [::1]:38786 Closing
[Thu May 29 01:41:25 2025] [::1]:53480 Accepted
[Thu May 29 01:41:25 2025] [::1]:53480 [302]: GET /
[Thu May 29 01:41:25 2025] [::1]:53480 Closing
[Thu May 29 01:41:25 2025] [::1]:53482 Accepted
[Thu May 29 01:41:25 2025] [::1]:53482 [200]: GET /login.php
[Thu May 29 01:41:25 2025] [::1]:53482 Closing
[Thu May 29 01:41:25 2025] [::1]:53486 Accepted
[Thu May 29 01:41:25 2025] [::1]:53496 Accepted
[Thu May 29 01:41:25 2025] [::1]:53496 [200]: GET /assets/css/style.css
[Thu May 29 01:41:25 2025] [::1]:53496 Closing
[Thu May 29 01:41:25 2025] [::1]:53486 [200]: GET /assets/css/bootstrap.min.css
[Thu May 29 01:41:25 2025] [::1]:53486 Closing
[Thu May 29 01:41:25 2025] [::1]:53512 Accepted
[Thu May 29 01:41:25 2025] [::1]:53512 [302]: GET /favicon.ico
[Thu May 29 01:41:25 2025] [::1]:53512 Closing
[Thu May 29 01:41:33 2025] [::1]:36038 Accepted
[Thu May 29 01:41:33 2025] [::1]:36038 [200]: POST /login.php
[Thu May 29 01:41:33 2025] [::1]:36038 Closing
[Thu May 29 01:41:33 2025] [::1]:36050 Accepted
[Thu May 29 01:41:33 2025] [::1]:36050 [200]: GET /assets/css/style.css
[Thu May 29 01:41:33 2025] [::1]:36050 Closing
[Thu May 29 01:41:33 2025] [::1]:36054 Accepted
[Thu May 29 01:41:33 2025] [::1]:36054 [200]: GET /assets/css/bootstrap.min.css
[Thu May 29 01:41:33 2025] [::1]:36054 Closing
[Thu May 29 01:41:34 2025] [::1]:36064 Accepted
[Thu May 29 01:41:34 2025] [::1]:36064 [200]: GET /panel.php
[Thu May 29 01:41:34 2025] [::1]:36064 Closing
[Thu May 29 01:41:34 2025] [::1]:36072 Accepted
[Thu May 29 01:41:34 2025] [::1]:36072 [200]: GET /assets/css/bootstrap.min.css
[Thu May 29 01:41:34 2025] [::1]:36072 Closing
[Thu May 29 01:41:34 2025] [::1]:36084 Accepted
[Thu May 29 01:41:34 2025] [::1]:36100 Accepted
[Thu May 29 01:41:34 2025] [::1]:36100 [200]: GET /assets/css/light-theme.min.css
[Thu May 29 01:41:34 2025] [::1]:36084 [200]: GET /assets/js/jquery.min.js
[Thu May 29 01:41:34 2025] [::1]:36100 Closing
[Thu May 29 01:41:34 2025] [::1]:36084 Closing
[Thu May 29 01:41:34 2025] [::1]:36116 Accepted
[Thu May 29 01:41:34 2025] [::1]:36124 Accepted
[Thu May 29 01:41:34 2025] [::1]:36126 Accepted
[Thu May 29 01:41:34 2025] [::1]:36124 [200]: GET /assets/js/growl-notification.min.js
[Thu May 29 01:41:34 2025] [::1]:36126 [200]: GET /assets/js/script.js
[Thu May 29 01:41:34 2025] [::1]:36116 [200]: GET /assets/js/sweetalert2.min.js
[Thu May 29 01:41:34 2025] [::1]:36124 Closing
[Thu May 29 01:41:34 2025] [::1]:36126 Closing
[Thu May 29 01:41:34 2025] [::1]:36116 Closing
[Thu May 29 01:41:35 2025] [::1]:36130 Accepted
[Thu May 29 01:41:35 2025] [::1]:36130 [302]: GET /favicon.ico
[Thu May 29 01:41:35 2025] [::1]:36130 Closing
[Thu May 29 01:41:35 2025] [::1]:36134 Accepted
[Thu May 29 01:41:35 2025] [::1]:36134 [200]: GET /Settings.json
[Thu May 29 01:41:35 2025] [::1]:36134 Closing
[Thu May 29 01:41:35 2025] [::1]:36140 Accepted
[Thu May 29 01:41:35 2025] [::1]:36140 [200]: POST /list_templates.php
[Thu May 29 01:41:35 2025] [::1]:36140 Closing
[Thu May 29 01:41:35 2025] [::1]:36148 Accepted
[Thu May 29 01:41:35 2025] [::1]:36148 [200]: GET /panel.php
[Thu May 29 01:41:35 2025] [::1]:36148 Closing
[Thu May 29 01:41:38 2025] [::1]:36162 Accepted
[Thu May 29 01:41:38 2025] [::1]:36162 [200]: POST /receiver.php
[Thu May 29 01:41:38 2025] [::1]:36162 Closing
[Thu May 29 01:41:40 2025] [::1]:36178 Accepted
[Thu May 29 01:41:40 2025] [::1]:36178 [200]: POST /receiver.php
[Thu May 29 01:41:40 2025] [::1]:36178 Closing
[Thu May 29 01:41:42 2025] [::1]:52558 Accepted
[Thu May 29 01:41:42 2025] [::1]:52558 [200]: POST /receiver.php
[Thu May 29 01:41:42 2025] [::1]:52558 Closing
[Thu May 29 01:41:44 2025] [::1]:52562 Accepted
[Thu May 29 01:41:44 2025] [::1]:52562 [200]: POST /receiver.php
[Thu May 29 01:41:44 2025] [::1]:52562 Closing
[Thu May 29 01:41:46 2025] [::1]:52570 Accepted
[Thu May 29 01:41:46 2025] [::1]:52570 [200]: POST /receiver.php
[Thu May 29 01:41:46 2025] [::1]:52570 Closing
[Thu May 29 01:41:48 2025] [::1]:52578 Accepted
[Thu May 29 01:41:48 2025] [::1]:52578 [200]: POST /receiver.php
[Thu May 29 01:41:48 2025] [::1]:52578 Closing
[Thu May 29 01:41:50 2025] [::1]:52592 Accepted
[Thu May 29 01:41:50 2025] [::1]:52592 [200]: POST /receiver.php
[Thu May 29 01:41:50 2025] [::1]:52592 Closing
[Thu May 29 01:41:52 2025] [::1]:45464 Accepted
[Thu May 29 01:41:52 2025] [::1]:45464 [200]: POST /receiver.php
[Thu May 29 01:41:52 2025] [::1]:45464 Closing
[Thu May 29 01:41:55 2025] [::1]:45472 Accepted
[Thu May 29 01:41:55 2025] [::1]:45472 [200]: POST /receiver.php
[Thu May 29 01:41:55 2025] [::1]:45472 Closing
[Thu May 29 01:41:57 2025] [::1]:45482 Accepted
[Thu May 29 01:41:57 2025] [::1]:45482 [200]: POST /receiver.php
[Thu May 29 01:41:57 2025] [::1]:45482 Closing
[Thu May 29 01:41:59 2025] [::1]:45492 Accepted
[Thu May 29 01:41:59 2025] [::1]:45492 [200]: POST /receiver.php
[Thu May 29 01:41:59 2025] [::1]:45492 Closing
[Thu May 29 01:42:01 2025] [::1]:42864 Accepted
[Thu May 29 01:42:01 2025] [::1]:42864 [200]: POST /receiver.php
[Thu May 29 01:42:01 2025] [::1]:42864 Closing
[Thu May 29 01:42:03 2025] [::1]:42874 Accepted
[Thu May 29 01:42:03 2025] [::1]:42874 [200]: POST /receiver.php
[Thu May 29 01:42:03 2025] [::1]:42874 Closing
[Thu May 29 01:42:05 2025] [::1]:42880 Accepted
[Thu May 29 01:42:05 2025] [::1]:42880 [200]: POST /receiver.php
[Thu May 29 01:42:05 2025] [::1]:42880 Closing
[Thu May 29 01:42:07 2025] [::1]:42896 Accepted
[Thu May 29 01:42:07 2025] [::1]:42896 [200]: POST /receiver.php
[Thu May 29 01:42:07 2025] [::1]:42896 Closing
[Thu May 29 01:42:09 2025] [::1]:42902 Accepted
[Thu May 29 01:42:09 2025] [::1]:42902 [200]: POST /receiver.php
[Thu May 29 01:42:09 2025] [::1]:42902 Closing
[Thu May 29 01:42:11 2025] [::1]:47574 Accepted
[Thu May 29 01:42:11 2025] [::1]:47574 [200]: POST /receiver.php
[Thu May 29 01:42:11 2025] [::1]:47574 Closing
[Thu May 29 01:42:13 2025] [::1]:47582 Accepted
[Thu May 29 01:42:13 2025] [::1]:47582 [200]: POST /receiver.php
[Thu May 29 01:42:13 2025] [::1]:47582 Closing
[Thu May 29 01:42:15 2025] [::1]:47590 Accepted
[Thu May 29 01:42:15 2025] [::1]:47590 [200]: POST /receiver.php
[Thu May 29 01:42:15 2025] [::1]:47590 Closing
[Thu May 29 01:42:17 2025] [::1]:47600 Accepted
[Thu May 29 01:42:17 2025] [::1]:47600 [200]: POST /receiver.php
[Thu May 29 01:42:17 2025] [::1]:47600 Closing
[Thu May 29 01:42:20 2025] [::1]:47612 Accepted
[Thu May 29 01:42:20 2025] [::1]:47612 [200]: POST /receiver.php
[Thu May 29 01:42:20 2025] [::1]:47612 Closing
[Thu May 29 01:42:22 2025] [::1]:54158 Accepted
[Thu May 29 01:42:22 2025] [::1]:54158 [200]: POST /receiver.php
[Thu May 29 01:42:22 2025] [::1]:54158 Closing
[Thu May 29 01:42:24 2025] [::1]:54172 Accepted
[Thu May 29 01:42:24 2025] [::1]:54172 [200]: POST /receiver.php
[Thu May 29 01:42:24 2025] [::1]:54172 Closing
[Thu May 29 01:42:26 2025] [::1]:54186 Accepted
[Thu May 29 01:42:26 2025] [::1]:54186 [200]: POST /receiver.php
[Thu May 29 01:42:26 2025] [::1]:54186 Closing
[Thu May 29 01:42:28 2025] [::1]:54190 Accepted
[Thu May 29 01:42:28 2025] [::1]:54190 [200]: POST /receiver.php
[Thu May 29 01:42:28 2025] [::1]:54190 Closing
[Thu May 29 01:42:30 2025] [::1]:54192 Accepted
[Thu May 29 01:42:30 2025] [::1]:54192 [200]: POST /receiver.php
[Thu May 29 01:42:30 2025] [::1]:54192 Closing
[Thu May 29 01:42:32 2025] [::1]:58162 Accepted
[Thu May 29 01:42:32 2025] [::1]:58162 [200]: POST /receiver.php
[Thu May 29 01:42:32 2025] [::1]:58162 Closing
[Thu May 29 01:42:34 2025] [::1]:58178 Accepted
[Thu May 29 01:42:34 2025] [::1]:58178 [200]: POST /receiver.php
[Thu May 29 01:42:34 2025] [::1]:58178 Closing
[Thu May 29 01:42:36 2025] [::1]:58186 Accepted
[Thu May 29 01:42:36 2025] [::1]:58186 [200]: POST /receiver.php
[Thu May 29 01:42:36 2025] [::1]:58186 Closing
[Thu May 29 01:42:38 2025] [::1]:58194 Accepted
[Thu May 29 01:42:38 2025] [::1]:58194 [200]: POST /receiver.php
[Thu May 29 01:42:38 2025] [::1]:58194 Closing
[Thu May 29 01:42:40 2025] [::1]:58206 Accepted
[Thu May 29 01:42:40 2025] [::1]:58206 [200]: POST /receiver.php
[Thu May 29 01:42:40 2025] [::1]:58206 Closing
[Thu May 29 01:42:42 2025] [::1]:46470 Accepted
[Thu May 29 01:42:42 2025] [::1]:46470 [200]: POST /receiver.php
[Thu May 29 01:42:42 2025] [::1]:46470 Closing
[Thu May 29 01:42:44 2025] [::1]:46484 Accepted
[Thu May 29 01:42:44 2025] [::1]:46484 [200]: POST /receiver.php
[Thu May 29 01:42:44 2025] [::1]:46484 Closing
[Thu May 29 01:42:46 2025] [::1]:46500 Accepted
[Thu May 29 01:42:46 2025] [::1]:46500 [200]: POST /receiver.php
[Thu May 29 01:42:46 2025] [::1]:46500 Closing
[Thu May 29 01:42:48 2025] [::1]:46510 Accepted
[Thu May 29 01:42:48 2025] [::1]:46510 [200]: POST /receiver.php
[Thu May 29 01:42:48 2025] [::1]:46510 Closing
[Thu May 29 01:42:50 2025] [::1]:46514 Accepted
[Thu May 29 01:42:50 2025] [::1]:46514 [200]: POST /receiver.php
[Thu May 29 01:42:50 2025] [::1]:46514 Closing
[Thu May 29 01:42:52 2025] [::1]:48054 Accepted
[Thu May 29 01:42:52 2025] [::1]:48054 [200]: POST /receiver.php
[Thu May 29 01:42:52 2025] [::1]:48054 Closing
[Thu May 29 01:42:54 2025] [::1]:48060 Accepted
[Thu May 29 01:42:54 2025] [::1]:48060 [200]: POST /receiver.php
[Thu May 29 01:42:54 2025] [::1]:48060 Closing
[Thu May 29 01:42:56 2025] [::1]:48074 Accepted
[Thu May 29 01:42:56 2025] [::1]:48074 [200]: POST /receiver.php
[Thu May 29 01:42:56 2025] [::1]:48074 Closing
[Thu May 29 01:42:58 2025] [::1]:48076 Accepted
[Thu May 29 01:42:58 2025] [::1]:48076 [200]: POST /receiver.php
[Thu May 29 01:42:58 2025] [::1]:48076 Closing
[Thu May 29 01:43:01 2025] [::1]:48090 Accepted
[Thu May 29 01:43:01 2025] [::1]:48090 [200]: POST /receiver.php
[Thu May 29 01:43:01 2025] [::1]:48090 Closing
[Thu May 29 01:43:03 2025] [::1]:36934 Accepted
[Thu May 29 01:43:03 2025] [::1]:36934 [200]: POST /receiver.php
[Thu May 29 01:43:03 2025] [::1]:36934 Closing
[Thu May 29 01:43:05 2025] [::1]:36946 Accepted
[Thu May 29 01:43:05 2025] [::1]:36946 [200]: POST /receiver.php
[Thu May 29 01:43:05 2025] [::1]:36946 Closing
[Thu May 29 01:43:07 2025] [::1]:36950 Accepted
[Thu May 29 01:43:07 2025] [::1]:36950 [200]: POST /receiver.php
[Thu May 29 01:43:07 2025] [::1]:36950 Closing
[Thu May 29 01:43:09 2025] [::1]:36958 Accepted
[Thu May 29 01:43:09 2025] [::1]:36958 [200]: POST /receiver.php
[Thu May 29 01:43:09 2025] [::1]:36958 Closing
[Thu May 29 01:43:11 2025] [::1]:34904 Accepted
[Thu May 29 01:43:11 2025] [::1]:34904 [200]: POST /receiver.php
[Thu May 29 01:43:11 2025] [::1]:34904 Closing
[Thu May 29 01:43:13 2025] [::1]:34920 Accepted
[Thu May 29 01:43:13 2025] [::1]:34920 [200]: POST /receiver.php
[Thu May 29 01:43:13 2025] [::1]:34920 Closing
[Thu May 29 01:43:15 2025] [::1]:34930 Accepted
[Thu May 29 01:43:15 2025] [::1]:34930 [200]: POST /receiver.php
[Thu May 29 01:43:15 2025] [::1]:34930 Closing
[Thu May 29 01:43:17 2025] [::1]:34938 Accepted
[Thu May 29 01:43:17 2025] [::1]:34938 [200]: POST /receiver.php
[Thu May 29 01:43:17 2025] [::1]:34938 Closing
[Thu May 29 01:43:19 2025] [::1]:34952 Accepted
[Thu May 29 01:43:19 2025] [::1]:34952 [200]: POST /receiver.php
[Thu May 29 01:43:19 2025] [::1]:34952 Closing
[Thu May 29 01:43:21 2025] [::1]:35390 Accepted
[Thu May 29 01:43:21 2025] [::1]:35390 [200]: POST /receiver.php
[Thu May 29 01:43:21 2025] [::1]:35390 Closing
[Thu May 29 01:43:23 2025] [::1]:35394 Accepted
[Thu May 29 01:43:23 2025] [::1]:35394 [200]: POST /receiver.php
[Thu May 29 01:43:23 2025] [::1]:35394 Closing
[Thu May 29 01:43:25 2025] [::1]:35404 Accepted
[Thu May 29 01:43:25 2025] [::1]:35404 [200]: POST /receiver.php
[Thu May 29 01:43:25 2025] [::1]:35404 Closing
[Thu May 29 01:43:27 2025] [::1]:35416 Accepted
[Thu May 29 01:43:27 2025] [::1]:35416 [200]: POST /receiver.php
[Thu May 29 01:43:27 2025] [::1]:35416 Closing
[Thu May 29 01:43:29 2025] [::1]:35428 Accepted
[Thu May 29 01:43:29 2025] [::1]:35428 [200]: POST /receiver.php
[Thu May 29 01:43:29 2025] [::1]:35428 Closing
[Thu May 29 01:43:31 2025] [::1]:56668 Accepted
[Thu May 29 01:43:31 2025] [::1]:56668 [200]: POST /receiver.php
[Thu May 29 01:43:31 2025] [::1]:56668 Closing
[Thu May 29 01:43:33 2025] [::1]:56684 Accepted
[Thu May 29 01:43:33 2025] [::1]:56684 [200]: POST /receiver.php
[Thu May 29 01:43:33 2025] [::1]:56684 Closing
[Thu May 29 01:43:35 2025] [::1]:56690 Accepted
[Thu May 29 01:43:35 2025] [::1]:56690 [200]: POST /receiver.php
[Thu May 29 01:43:35 2025] [::1]:56690 Closing
[Thu May 29 01:43:38 2025] [::1]:56704 Accepted
[Thu May 29 01:43:38 2025] [::1]:56704 [200]: POST /receiver.php
[Thu May 29 01:43:38 2025] [::1]:56704 Closing
[Thu May 29 01:43:40 2025] [::1]:56720 Accepted
[Thu May 29 01:43:40 2025] [::1]:56720 [200]: POST /receiver.php
[Thu May 29 01:43:40 2025] [::1]:56720 Closing
[Thu May 29 01:43:40 2025] [::1]:56722 Accepted
[Thu May 29 01:43:40 2025] [::1]:56722 [302]: GET /
[Thu May 29 01:43:40 2025] [::1]:56722 Closing
[Thu May 29 01:43:40 2025] [::1]:56734 Accepted
[Thu May 29 01:43:40 2025] [::1]:56734 [200]: GET /login.php
[Thu May 29 01:43:40 2025] [::1]:56734 Closing
[Thu May 29 01:43:40 2025] [::1]:56740 Accepted
[Thu May 29 01:43:40 2025] [::1]:56740 [302]: GET /favicon.ico
[Thu May 29 01:43:40 2025] [::1]:56740 Closing
[Thu May 29 01:43:40 2025] [::1]:56754 Accepted
[Thu May 29 01:43:40 2025] [::1]:56754 [200]: GET /login.php
[Thu May 29 01:43:40 2025] [::1]:56754 Closing
[Thu May 29 01:43:42 2025] [::1]:41236 Accepted
[Thu May 29 01:43:42 2025] [::1]:41236 [200]: POST /receiver.php
[Thu May 29 01:43:42 2025] [::1]:41236 Closing
[Thu May 29 01:43:44 2025] [::1]:41242 Accepted
[Thu May 29 01:43:44 2025] [::1]:41242 [200]: POST /receiver.php
[Thu May 29 01:43:44 2025] [::1]:41242 Closing
[Thu May 29 01:43:46 2025] [::1]:41252 Accepted
[Thu May 29 01:43:46 2025] [::1]:41252 [200]: POST /receiver.php
[Thu May 29 01:43:46 2025] [::1]:41252 Closing
[Thu May 29 01:43:48 2025] [::1]:41256 Accepted
[Thu May 29 01:43:48 2025] [::1]:41256 [200]: POST /receiver.php
[Thu May 29 01:43:48 2025] [::1]:41256 Closing
[Thu May 29 01:43:50 2025] [::1]:41258 Accepted
[Thu May 29 01:43:50 2025] [::1]:41258 [200]: POST /receiver.php
[Thu May 29 01:43:50 2025] [::1]:41258 Closing
[Thu May 29 01:43:52 2025] [::1]:57818 Accepted
[Thu May 29 01:43:52 2025] [::1]:57818 [200]: POST /receiver.php
[Thu May 29 01:43:52 2025] [::1]:57818 Closing
[Thu May 29 01:43:54 2025] [::1]:57822 Accepted
[Thu May 29 01:43:54 2025] [::1]:57822 [200]: POST /receiver.php
[Thu May 29 01:43:54 2025] [::1]:57822 Closing
[Thu May 29 01:43:56 2025] [::1]:57824 Accepted
[Thu May 29 01:43:56 2025] [::1]:57824 [200]: POST /receiver.php
[Thu May 29 01:43:56 2025] [::1]:57824 Closing
[Thu May 29 01:43:58 2025] [::1]:57832 Accepted
[Thu May 29 01:43:58 2025] [::1]:57832 [200]: POST /receiver.php
[Thu May 29 01:43:58 2025] [::1]:57832 Closing
[Thu May 29 01:44:00 2025] [::1]:57846 Accepted
[Thu May 29 01:44:00 2025] [::1]:57846 [200]: POST /receiver.php
[Thu May 29 01:44:00 2025] [::1]:57846 Closing
[Thu May 29 01:44:02 2025] [::1]:33612 Accepted
[Thu May 29 01:44:02 2025] [::1]:33612 [200]: POST /receiver.php
[Thu May 29 01:44:02 2025] [::1]:33612 Closing
[Thu May 29 01:44:04 2025] [::1]:33624 Accepted
[Thu May 29 01:44:04 2025] [::1]:33624 [200]: POST /receiver.php
[Thu May 29 01:44:04 2025] [::1]:33624 Closing
[Thu May 29 01:44:06 2025] [::1]:33636 Accepted
[Thu May 29 01:44:06 2025] [::1]:33636 [200]: POST /receiver.php
[Thu May 29 01:44:06 2025] [::1]:33636 Closing
[Thu May 29 01:44:09 2025] [::1]:33646 Accepted
[Thu May 29 01:44:09 2025] [::1]:33646 [200]: POST /receiver.php
[Thu May 29 01:44:09 2025] [::1]:33646 Closing
[Thu May 29 01:44:11 2025] [::1]:33658 Accepted
[Thu May 29 01:44:11 2025] [::1]:33658 [200]: POST /receiver.php
[Thu May 29 01:44:11 2025] [::1]:33658 Closing
[Thu May 29 01:44:13 2025] [::1]:55296 Accepted
[Thu May 29 01:44:13 2025] [::1]:55296 [200]: POST /receiver.php
[Thu May 29 01:44:13 2025] [::1]:55296 Closing
[Thu May 29 01:44:15 2025] [::1]:55298 Accepted
[Thu May 29 01:44:15 2025] [::1]:55298 [200]: POST /receiver.php
[Thu May 29 01:44:15 2025] [::1]:55298 Closing
[Thu May 29 01:44:17 2025] [::1]:55306 Accepted
[Thu May 29 01:44:17 2025] [::1]:55306 [200]: POST /receiver.php
[Thu May 29 01:44:17 2025] [::1]:55306 Closing
[Thu May 29 01:44:19 2025] [::1]:55316 Accepted
[Thu May 29 01:44:19 2025] [::1]:55316 [200]: POST /receiver.php
[Thu May 29 01:44:19 2025] [::1]:55316 Closing
[Thu May 29 01:44:21 2025] [::1]:55324 Accepted
[Thu May 29 01:44:21 2025] [::1]:55324 [200]: POST /receiver.php
[Thu May 29 01:44:21 2025] [::1]:55324 Closing
[Thu May 29 01:44:23 2025] [::1]:53532 Accepted
[Thu May 29 01:44:23 2025] [::1]:53532 [200]: POST /receiver.php
[Thu May 29 01:44:23 2025] [::1]:53532 Closing
[Thu May 29 01:44:25 2025] [::1]:53542 Accepted
[Thu May 29 01:44:25 2025] [::1]:53542 [200]: POST /receiver.php
[Thu May 29 01:44:25 2025] [::1]:53542 Closing
[Thu May 29 01:44:27 2025] [::1]:53554 Accepted
[Thu May 29 01:44:27 2025] [::1]:53554 [200]: POST /receiver.php
[Thu May 29 01:44:27 2025] [::1]:53554 Closing
[Thu May 29 01:44:29 2025] [::1]:53560 Accepted
[Thu May 29 01:44:29 2025] [::1]:53560 [200]: POST /receiver.php
[Thu May 29 01:44:29 2025] [::1]:53560 Closing
[Thu May 29 01:44:31 2025] [::1]:53564 Accepted
[Thu May 29 01:44:31 2025] [::1]:53564 [200]: POST /receiver.php
[Thu May 29 01:44:31 2025] [::1]:53564 Closing
[Thu May 29 01:44:33 2025] [::1]:59590 Accepted
[Thu May 29 01:44:33 2025] [::1]:59590 [200]: POST /receiver.php
[Thu May 29 01:44:33 2025] [::1]:59590 Closing
[Thu May 29 01:44:35 2025] [::1]:59600 Accepted
[Thu May 29 01:44:35 2025] [::1]:59600 [200]: POST /receiver.php
[Thu May 29 01:44:35 2025] [::1]:59600 Closing
[Thu May 29 01:44:37 2025] [::1]:59602 Accepted
[Thu May 29 01:44:37 2025] [::1]:59602 [200]: POST /receiver.php
[Thu May 29 01:44:37 2025] [::1]:59602 Closing
[Thu May 29 01:44:40 2025] [::1]:59616 Accepted
[Thu May 29 01:44:40 2025] [::1]:59616 [200]: POST /receiver.php
[Thu May 29 01:44:40 2025] [::1]:59616 Closing
[Thu May 29 01:44:42 2025] [::1]:53338 Accepted
[Thu May 29 01:44:42 2025] [::1]:53338 [200]: POST /receiver.php
[Thu May 29 01:44:42 2025] [::1]:53338 Closing
[Thu May 29 01:44:44 2025] [::1]:53350 Accepted
[Thu May 29 01:44:44 2025] [::1]:53350 [200]: POST /receiver.php
[Thu May 29 01:44:44 2025] [::1]:53350 Closing
[Thu May 29 01:44:46 2025] [::1]:53358 Accepted
[Thu May 29 01:44:46 2025] [::1]:53358 [200]: POST /receiver.php
[Thu May 29 01:44:46 2025] [::1]:53358 Closing
[Thu May 29 01:44:48 2025] [::1]:53366 Accepted
[Thu May 29 01:44:48 2025] [::1]:53366 [200]: POST /receiver.php
[Thu May 29 01:44:48 2025] [::1]:53366 Closing
[Thu May 29 01:44:50 2025] [::1]:53382 Accepted
[Thu May 29 01:44:50 2025] [::1]:53382 [200]: POST /receiver.php
[Thu May 29 01:44:50 2025] [::1]:53382 Closing
[Thu May 29 01:44:52 2025] [::1]:58648 Accepted
[Thu May 29 01:44:52 2025] [::1]:58648 [200]: POST /receiver.php
[Thu May 29 01:44:52 2025] [::1]:58648 Closing
[Thu May 29 01:44:54 2025] [::1]:58660 Accepted
[Thu May 29 01:44:54 2025] [::1]:58660 [200]: POST /receiver.php
[Thu May 29 01:44:54 2025] [::1]:58660 Closing
[Thu May 29 01:44:56 2025] [::1]:58672 Accepted
[Thu May 29 01:44:56 2025] [::1]:58672 [200]: POST /receiver.php
[Thu May 29 01:44:56 2025] [::1]:58672 Closing
[Thu May 29 01:44:58 2025] [::1]:58678 Accepted
[Thu May 29 01:44:58 2025] [::1]:58678 [200]: POST /receiver.php
[Thu May 29 01:44:58 2025] [::1]:58678 Closing
[Thu May 29 01:45:00 2025] [::1]:58680 Accepted
[Thu May 29 01:45:00 2025] [::1]:58680 [200]: POST /receiver.php
[Thu May 29 01:45:00 2025] [::1]:58680 Closing
[Thu May 29 01:45:02 2025] [::1]:41996 Accepted
[Thu May 29 01:45:02 2025] [::1]:41996 [200]: POST /receiver.php
[Thu May 29 01:45:02 2025] [::1]:41996 Closing
[Thu May 29 01:45:04 2025] [::1]:42012 Accepted
[Thu May 29 01:45:04 2025] [::1]:42012 [200]: POST /receiver.php
[Thu May 29 01:45:04 2025] [::1]:42012 Closing
[Thu May 29 01:45:06 2025] [::1]:42018 Accepted
[Thu May 29 01:45:06 2025] [::1]:42018 [200]: POST /receiver.php
[Thu May 29 01:45:06 2025] [::1]:42018 Closing
[Thu May 29 01:45:08 2025] [::1]:42020 Accepted
[Thu May 29 01:45:08 2025] [::1]:42020 [200]: POST /receiver.php
[Thu May 29 01:45:08 2025] [::1]:42020 Closing
[Thu May 29 01:45:10 2025] [::1]:42022 Accepted
[Thu May 29 01:45:10 2025] [::1]:42022 [200]: POST /receiver.php
[Thu May 29 01:45:10 2025] [::1]:42022 Closing
[Thu May 29 01:45:12 2025] [::1]:45022 Accepted
[Thu May 29 01:45:12 2025] [::1]:45022 [200]: POST /receiver.php
[Thu May 29 01:45:12 2025] [::1]:45022 Closing
[Thu May 29 01:45:14 2025] [::1]:45030 Accepted
[Thu May 29 01:45:14 2025] [::1]:45030 [200]: POST /receiver.php
[Thu May 29 01:45:14 2025] [::1]:45030 Closing
[Thu May 29 01:45:16 2025] [::1]:45038 Accepted
[Thu May 29 01:45:16 2025] [::1]:45038 [200]: POST /receiver.php
[Thu May 29 01:45:16 2025] [::1]:45038 Closing
[Thu May 29 01:45:18 2025] [::1]:45046 Accepted
[Thu May 29 01:45:18 2025] [::1]:45046 [200]: POST /receiver.php
[Thu May 29 01:45:18 2025] [::1]:45046 Closing
[Thu May 29 01:45:21 2025] [::1]:45060 Accepted
[Thu May 29 01:45:21 2025] [::1]:45060 [200]: POST /receiver.php
[Thu May 29 01:45:21 2025] [::1]:45060 Closing
[Thu May 29 01:45:23 2025] [::1]:42812 Accepted
[Thu May 29 01:45:23 2025] [::1]:42812 [200]: POST /receiver.php
[Thu May 29 01:45:23 2025] [::1]:42812 Closing
[Thu May 29 01:45:25 2025] [::1]:42820 Accepted
[Thu May 29 01:45:25 2025] [::1]:42820 [200]: POST /receiver.php
[Thu May 29 01:45:25 2025] [::1]:42820 Closing
[Thu May 29 01:45:27 2025] [::1]:42826 Accepted
[Thu May 29 01:45:27 2025] [::1]:42826 [200]: POST /receiver.php
[Thu May 29 01:45:27 2025] [::1]:42826 Closing
[Thu May 29 01:45:29 2025] [::1]:42828 Accepted
[Thu May 29 01:45:29 2025] [::1]:42828 [200]: POST /receiver.php
[Thu May 29 01:45:29 2025] [::1]:42828 Closing
[Thu May 29 01:45:31 2025] [::1]:45828 Accepted
[Thu May 29 01:45:31 2025] [::1]:45828 [200]: POST /receiver.php
[Thu May 29 01:45:31 2025] [::1]:45828 Closing
[Thu May 29 01:45:33 2025] [::1]:45836 Accepted
[Thu May 29 01:45:33 2025] [::1]:45836 [200]: POST /receiver.php
[Thu May 29 01:45:33 2025] [::1]:45836 Closing
[Thu May 29 01:45:35 2025] [::1]:45852 Accepted
[Thu May 29 01:45:35 2025] [::1]:45852 [200]: POST /receiver.php
[Thu May 29 01:45:35 2025] [::1]:45852 Closing
[Thu May 29 01:45:37 2025] [::1]:45864 Accepted
[Thu May 29 01:45:37 2025] [::1]:45864 [200]: POST /receiver.php
[Thu May 29 01:45:37 2025] [::1]:45864 Closing
[Thu May 29 01:45:40 2025] [::1]:45872 Accepted
[Thu May 29 01:45:40 2025] [::1]:45872 [200]: POST /receiver.php
[Thu May 29 01:45:40 2025] [::1]:45872 Closing
[Thu May 29 01:45:42 2025] [::1]:35026 Accepted
[Thu May 29 01:45:42 2025] [::1]:35026 [200]: POST /receiver.php
[Thu May 29 01:45:42 2025] [::1]:35026 Closing
[Thu May 29 01:45:44 2025] [::1]:35040 Accepted
[Thu May 29 01:45:44 2025] [::1]:35040 [200]: POST /receiver.php
[Thu May 29 01:45:44 2025] [::1]:35040 Closing
[Thu May 29 01:45:46 2025] [::1]:35048 Accepted
[Thu May 29 01:45:46 2025] [::1]:35048 [200]: POST /receiver.php
[Thu May 29 01:45:46 2025] [::1]:35048 Closing
[Thu May 29 01:45:48 2025] [::1]:35054 Accepted
[Thu May 29 01:45:48 2025] [::1]:35054 [200]: POST /receiver.php
[Thu May 29 01:45:48 2025] [::1]:35054 Closing
[Thu May 29 01:45:50 2025] [::1]:35064 Accepted
[Thu May 29 01:45:50 2025] [::1]:35064 [200]: POST /receiver.php
[Thu May 29 01:45:50 2025] [::1]:35064 Closing
[Thu May 29 01:45:52 2025] [::1]:41628 Accepted
[Thu May 29 01:45:52 2025] [::1]:41628 [200]: POST /receiver.php
[Thu May 29 01:45:52 2025] [::1]:41628 Closing
[Thu May 29 01:45:54 2025] [::1]:41644 Accepted
[Thu May 29 01:45:54 2025] [::1]:41644 [200]: POST /receiver.php
[Thu May 29 01:45:54 2025] [::1]:41644 Closing
[Thu May 29 01:45:56 2025] [::1]:41646 Accepted
[Thu May 29 01:45:56 2025] [::1]:41646 [200]: POST /receiver.php
[Thu May 29 01:45:56 2025] [::1]:41646 Closing
[Thu May 29 01:45:58 2025] [::1]:41658 Accepted
[Thu May 29 01:45:58 2025] [::1]:41658 [200]: POST /receiver.php
[Thu May 29 01:45:58 2025] [::1]:41658 Closing
[Thu May 29 01:46:00 2025] [::1]:41666 Accepted
[Thu May 29 01:46:00 2025] [::1]:41666 [200]: POST /receiver.php
[Thu May 29 01:46:00 2025] [::1]:41666 Closing
[Thu May 29 01:46:02 2025] [::1]:52578 Accepted
[Thu May 29 01:46:02 2025] [::1]:52578 [200]: POST /receiver.php
[Thu May 29 01:46:02 2025] [::1]:52578 Closing
[Thu May 29 01:46:04 2025] [::1]:52588 Accepted
[Thu May 29 01:46:04 2025] [::1]:52588 [200]: POST /receiver.php
[Thu May 29 01:46:04 2025] [::1]:52588 Closing
[Thu May 29 01:46:06 2025] [::1]:52604 Accepted
[Thu May 29 01:46:06 2025] [::1]:52604 [200]: POST /receiver.php
[Thu May 29 01:46:06 2025] [::1]:52604 Closing
[Thu May 29 01:46:08 2025] [::1]:52612 Accepted
[Thu May 29 01:46:08 2025] [::1]:52612 [200]: POST /receiver.php
[Thu May 29 01:46:08 2025] [::1]:52612 Closing
[Thu May 29 01:46:11 2025] [::1]:52614 Accepted
[Thu May 29 01:46:11 2025] [::1]:52614 [200]: POST /receiver.php
[Thu May 29 01:46:11 2025] [::1]:52614 Closing
[Thu May 29 01:46:13 2025] [::1]:44000 Accepted
[Thu May 29 01:46:13 2025] [::1]:44000 [200]: POST /receiver.php
[Thu May 29 01:46:13 2025] [::1]:44000 Closing
[Thu May 29 01:46:15 2025] [::1]:44016 Accepted
[Thu May 29 01:46:15 2025] [::1]:44016 [200]: POST /receiver.php
[Thu May 29 01:46:15 2025] [::1]:44016 Closing
[Thu May 29 01:46:17 2025] [::1]:44032 Accepted
[Thu May 29 01:46:17 2025] [::1]:44032 [200]: POST /receiver.php
[Thu May 29 01:46:17 2025] [::1]:44032 Closing
[Thu May 29 01:46:19 2025] [::1]:44046 Accepted
[Thu May 29 01:46:19 2025] [::1]:44046 [200]: POST /receiver.php
[Thu May 29 01:46:19 2025] [::1]:44046 Closing
[Thu May 29 01:46:21 2025] [::1]:44050 Accepted
[Thu May 29 01:46:21 2025] [::1]:44050 [200]: POST /receiver.php
[Thu May 29 01:46:21 2025] [::1]:44050 Closing
[Thu May 29 01:46:23 2025] [::1]:60888 Accepted
[Thu May 29 01:46:23 2025] [::1]:60888 [200]: POST /receiver.php
[Thu May 29 01:46:23 2025] [::1]:60888 Closing
[Thu May 29 01:46:25 2025] [::1]:60898 Accepted
[Thu May 29 01:46:25 2025] [::1]:60898 [200]: POST /receiver.php
[Thu May 29 01:46:25 2025] [::1]:60898 Closing
[Thu May 29 01:46:27 2025] [::1]:60906 Accepted
[Thu May 29 01:46:27 2025] [::1]:60906 [200]: POST /receiver.php
[Thu May 29 01:46:27 2025] [::1]:60906 Closing
[Thu May 29 01:46:29 2025] [::1]:60918 Accepted
[Thu May 29 01:46:29 2025] [::1]:60918 [200]: POST /receiver.php
[Thu May 29 01:46:29 2025] [::1]:60918 Closing
[Thu May 29 01:46:31 2025] [::1]:45608 Accepted
[Thu May 29 01:46:31 2025] [::1]:45608 [200]: POST /receiver.php
[Thu May 29 01:46:31 2025] [::1]:45608 Closing
[Thu May 29 01:46:33 2025] [::1]:45612 Accepted
[Thu May 29 01:46:33 2025] [::1]:45612 [200]: POST /receiver.php
[Thu May 29 01:46:33 2025] [::1]:45612 Closing
[Thu May 29 01:46:35 2025] [::1]:45626 Accepted
[Thu May 29 01:46:35 2025] [::1]:45626 [200]: POST /receiver.php
[Thu May 29 01:46:35 2025] [::1]:45626 Closing
[Thu May 29 01:46:37 2025] [::1]:45630 Accepted
[Thu May 29 01:46:37 2025] [::1]:45630 [200]: POST /receiver.php
[Thu May 29 01:46:37 2025] [::1]:45630 Closing
[Thu May 29 01:46:39 2025] [::1]:45636 Accepted
[Thu May 29 01:46:39 2025] [::1]:45636 [200]: POST /receiver.php
[Thu May 29 01:46:39 2025] [::1]:45636 Closing
[Thu May 29 01:46:41 2025] [::1]:60744 Accepted
[Thu May 29 01:46:41 2025] [::1]:60744 [200]: POST /receiver.php
[Thu May 29 01:46:41 2025] [::1]:60744 Closing
[Thu May 29 01:46:43 2025] [::1]:60756 Accepted
[Thu May 29 01:46:43 2025] [::1]:60756 [200]: POST /receiver.php
[Thu May 29 01:46:43 2025] [::1]:60756 Closing
[Thu May 29 01:46:45 2025] [::1]:60768 Accepted
[Thu May 29 01:46:45 2025] [::1]:60768 [200]: POST /receiver.php
[Thu May 29 01:46:45 2025] [::1]:60768 Closing
[Thu May 29 01:46:47 2025] [::1]:60772 Accepted
[Thu May 29 01:46:47 2025] [::1]:60772 [200]: POST /receiver.php
[Thu May 29 01:46:47 2025] [::1]:60772 Closing
[Thu May 29 01:46:49 2025] [::1]:60776 Accepted
[Thu May 29 01:46:49 2025] [::1]:60776 [200]: POST /receiver.php
[Thu May 29 01:46:49 2025] [::1]:60776 Closing
[Thu May 29 01:46:51 2025] [::1]:33000 Accepted
[Thu May 29 01:46:51 2025] [::1]:33000 [200]: POST /receiver.php
[Thu May 29 01:46:51 2025] [::1]:33000 Closing
[Thu May 29 01:46:53 2025] [::1]:33008 Accepted
[Thu May 29 01:46:53 2025] [::1]:33008 [200]: POST /receiver.php
[Thu May 29 01:46:53 2025] [::1]:33008 Closing
[Thu May 29 01:46:55 2025] [::1]:33014 Accepted
[Thu May 29 01:46:55 2025] [::1]:33014 [200]: POST /receiver.php
[Thu May 29 01:46:55 2025] [::1]:33014 Closing
[Thu May 29 01:46:57 2025] [::1]:33022 Accepted
[Thu May 29 01:46:57 2025] [::1]:33022 [200]: POST /receiver.php
[Thu May 29 01:46:57 2025] [::1]:33022 Closing
[Thu May 29 01:46:59 2025] [::1]:33032 Accepted
[Thu May 29 01:46:59 2025] [::1]:33032 [200]: POST /receiver.php
[Thu May 29 01:46:59 2025] [::1]:33032 Closing
[Thu May 29 01:47:01 2025] [::1]:49578 Accepted
[Thu May 29 01:47:01 2025] [::1]:49578 [200]: POST /receiver.php
[Thu May 29 01:47:01 2025] [::1]:49578 Closing
[Thu May 29 01:47:04 2025] [::1]:49580 Accepted
[Thu May 29 01:47:04 2025] [::1]:49580 [200]: POST /receiver.php
[Thu May 29 01:47:04 2025] [::1]:49580 Closing
[Thu May 29 01:47:06 2025] [::1]:49582 Accepted
[Thu May 29 01:47:06 2025] [::1]:49582 [200]: POST /receiver.php
[Thu May 29 01:47:06 2025] [::1]:49582 Closing
[Thu May 29 01:47:08 2025] [::1]:49588 Accepted
[Thu May 29 01:47:08 2025] [::1]:49588 [200]: POST /receiver.php
[Thu May 29 01:47:08 2025] [::1]:49588 Closing
[Thu May 29 01:47:10 2025] [::1]:49598 Accepted
[Thu May 29 01:47:10 2025] [::1]:49598 [200]: POST /receiver.php
[Thu May 29 01:47:10 2025] [::1]:49598 Closing
[Thu May 29 01:47:12 2025] [::1]:33544 Accepted
[Thu May 29 01:47:12 2025] [::1]:33544 [200]: POST /receiver.php
[Thu May 29 01:47:12 2025] [::1]:33544 Closing
[Thu May 29 01:47:14 2025] [::1]:33552 Accepted
[Thu May 29 01:47:14 2025] [::1]:33552 [200]: POST /receiver.php
[Thu May 29 01:47:14 2025] [::1]:33552 Closing
[Thu May 29 01:47:16 2025] [::1]:33566 Accepted
[Thu May 29 01:47:16 2025] [::1]:33566 [200]: POST /receiver.php
[Thu May 29 01:47:16 2025] [::1]:33566 Closing
[Thu May 29 01:47:18 2025] [::1]:33570 Accepted
[Thu May 29 01:47:18 2025] [::1]:33570 [200]: POST /receiver.php
[Thu May 29 01:47:18 2025] [::1]:33570 Closing
[Thu May 29 01:47:20 2025] [::1]:33582 Accepted
[Thu May 29 01:47:20 2025] [::1]:33582 [200]: POST /receiver.php
[Thu May 29 01:47:20 2025] [::1]:33582 Closing
[Thu May 29 01:47:22 2025] [::1]:43784 Accepted
[Thu May 29 01:47:22 2025] [::1]:43784 [200]: POST /receiver.php
[Thu May 29 01:47:22 2025] [::1]:43784 Closing
[Thu May 29 01:47:24 2025] [::1]:43788 Accepted
[Thu May 29 01:47:24 2025] [::1]:43788 [200]: POST /receiver.php
[Thu May 29 01:47:24 2025] [::1]:43788 Closing
[Thu May 29 01:47:26 2025] [::1]:43804 Accepted
[Thu May 29 01:47:26 2025] [::1]:43804 [200]: POST /receiver.php
[Thu May 29 01:47:26 2025] [::1]:43804 Closing
[Thu May 29 01:47:28 2025] [::1]:43812 Accepted
[Thu May 29 01:47:28 2025] [::1]:43812 [200]: POST /receiver.php
[Thu May 29 01:47:28 2025] [::1]:43812 Closing
[Thu May 29 01:47:30 2025] [::1]:43816 Accepted
[Thu May 29 01:47:30 2025] [::1]:43816 [200]: POST /receiver.php
[Thu May 29 01:47:30 2025] [::1]:43816 Closing
[Thu May 29 01:47:32 2025] [::1]:37404 Accepted
[Thu May 29 01:47:32 2025] [::1]:37404 [200]: POST /receiver.php
[Thu May 29 01:47:32 2025] [::1]:37404 Closing
[Thu May 29 01:47:35 2025] [::1]:37410 Accepted
[Thu May 29 01:47:35 2025] [::1]:37410 [200]: POST /receiver.php
[Thu May 29 01:47:35 2025] [::1]:37410 Closing
[Thu May 29 01:47:37 2025] [::1]:37422 Accepted
[Thu May 29 01:47:37 2025] [::1]:37422 [200]: POST /receiver.php
[Thu May 29 01:47:37 2025] [::1]:37422 Closing
[Thu May 29 01:47:39 2025] [::1]:37432 Accepted
[Thu May 29 01:47:39 2025] [::1]:37432 [200]: POST /receiver.php
[Thu May 29 01:47:39 2025] [::1]:37432 Closing
[Thu May 29 01:47:41 2025] [::1]:37434 Accepted
[Thu May 29 01:47:41 2025] [::1]:37434 [200]: POST /receiver.php
[Thu May 29 01:47:41 2025] [::1]:37434 Closing
[Thu May 29 01:47:43 2025] [::1]:38396 Accepted
[Thu May 29 01:47:43 2025] [::1]:38396 [200]: POST /receiver.php
[Thu May 29 01:47:43 2025] [::1]:38396 Closing
[Thu May 29 01:47:45 2025] [::1]:38412 Accepted
[Thu May 29 01:47:45 2025] [::1]:38412 [200]: POST /receiver.php
[Thu May 29 01:47:45 2025] [::1]:38412 Closing
[Thu May 29 01:47:47 2025] [::1]:38422 Accepted
[Thu May 29 01:47:47 2025] [::1]:38422 [200]: POST /receiver.php
[Thu May 29 01:47:47 2025] [::1]:38422 Closing
[Thu May 29 01:47:49 2025] [::1]:38428 Accepted
[Thu May 29 01:47:49 2025] [::1]:38428 [200]: POST /receiver.php
[Thu May 29 01:47:49 2025] [::1]:38428 Closing
[Thu May 29 01:47:51 2025] [::1]:34028 Accepted
[Thu May 29 01:47:51 2025] [::1]:34028 [200]: POST /receiver.php
[Thu May 29 01:47:51 2025] [::1]:34028 Closing
[Thu May 29 01:47:53 2025] [::1]:34030 Accepted
[Thu May 29 01:47:53 2025] [::1]:34030 [200]: POST /receiver.php
[Thu May 29 01:47:53 2025] [::1]:34030 Closing
[Thu May 29 01:47:55 2025] [::1]:34036 Accepted
[Thu May 29 01:47:55 2025] [::1]:34036 [200]: POST /receiver.php
[Thu May 29 01:47:55 2025] [::1]:34036 Closing
[Thu May 29 01:47:57 2025] [::1]:34042 Accepted
[Thu May 29 01:47:57 2025] [::1]:34042 [200]: POST /receiver.php
[Thu May 29 01:47:57 2025] [::1]:34042 Closing
[Thu May 29 01:47:59 2025] [::1]:34050 Accepted
[Thu May 29 01:47:59 2025] [::1]:34050 [200]: POST /receiver.php
[Thu May 29 01:47:59 2025] [::1]:34050 Closing
[Thu May 29 01:48:01 2025] [::1]:33316 Accepted
[Thu May 29 01:48:01 2025] [::1]:33316 [200]: POST /receiver.php
[Thu May 29 01:48:01 2025] [::1]:33316 Closing
[Thu May 29 01:48:04 2025] [::1]:33322 Accepted
[Thu May 29 01:48:04 2025] [::1]:33322 [200]: POST /receiver.php
[Thu May 29 01:48:04 2025] [::1]:33322 Closing
[Thu May 29 01:48:06 2025] [::1]:33328 Accepted
[Thu May 29 01:48:06 2025] [::1]:33328 [200]: POST /receiver.php
[Thu May 29 01:48:06 2025] [::1]:33328 Closing
[Thu May 29 01:48:08 2025] [::1]:33334 Accepted
[Thu May 29 01:48:08 2025] [::1]:33334 [200]: POST /receiver.php
[Thu May 29 01:48:08 2025] [::1]:33334 Closing
[Thu May 29 01:48:08 2025] [::1]:33350 Accepted
[Thu May 29 01:48:08 2025] [::1]:33350 [200]: GET /templates/normal_data/index.html
[Thu May 29 01:48:08 2025] [::1]:33350 Closing
[Thu May 29 01:48:08 2025] [::1]:33364 Accepted
[Thu May 29 01:48:08 2025] [::1]:33364 [200]: GET /assets/js/client.min.js
[Thu May 29 01:48:08 2025] [::1]:33370 Accepted
[Thu May 29 01:48:08 2025] [::1]:33364 Closing
[Thu May 29 01:48:08 2025] [::1]:33386 Accepted
[Thu May 29 01:48:08 2025] [::1]:33370 [200]: GET /assets/js/jquery.min.js
[Thu May 29 01:48:08 2025] [::1]:33370 Closing
[Thu May 29 01:48:08 2025] [::1]:33386 [200]: GET /assets/js/loc.js
[Thu May 29 01:48:08 2025] [::1]:33386 Closing
[Thu May 29 01:48:10 2025] [::1]:33396 Accepted
[Thu May 29 01:48:10 2025] [::1]:33396 [200]: POST /receiver.php
[Thu May 29 01:48:10 2025] [::1]:33396 Closing
[Thu May 29 01:48:10 2025] [::1]:33406 Accepted
[Thu May 29 01:48:10 2025] [::1]:33406 [200]: GET /templates/normal_data/favicon1.ico
[Thu May 29 01:48:10 2025] [::1]:33418 Accepted
[Thu May 29 01:48:10 2025] [::1]:33406 Closing
[Thu May 29 01:48:10 2025] [::1]:33418 [200]: GET /templates/normal_data/favicon0.ico
[Thu May 29 01:48:10 2025] [::1]:33418 Closing
[Thu May 29 01:48:10 2025] [::1]:33420 Accepted
[Thu May 29 01:48:10 2025] [::1]:33420 [200]: POST /templates/normal_data/handler.php
[Thu May 29 01:48:10 2025] [::1]:33420 Closing
[Thu May 29 01:48:12 2025] [::1]:37668 Accepted
[Thu May 29 01:48:12 2025] [::1]:37668 [200]: POST /receiver.php
[Thu May 29 01:48:12 2025] [::1]:37668 Closing
[Thu May 29 01:48:14 2025] [::1]:37674 Accepted
[Thu May 29 01:48:14 2025] [::1]:37674 [200]: POST /receiver.php
[Thu May 29 01:48:14 2025] [::1]:37674 Closing
[Thu May 29 01:48:16 2025] [::1]:37682 Accepted
[Thu May 29 01:48:16 2025] [::1]:37682 [200]: POST /receiver.php
[Thu May 29 01:48:16 2025] [::1]:37682 Closing
[Thu May 29 01:48:18 2025] [::1]:37694 Accepted
[Thu May 29 01:48:18 2025] [::1]:37694 [200]: POST /receiver.php
[Thu May 29 01:48:18 2025] [::1]:37694 Closing
[Thu May 29 01:48:20 2025] [::1]:37708 Accepted
[Thu May 29 01:48:20 2025] [::1]:37708 [200]: POST /receiver.php
[Thu May 29 01:48:20 2025] [::1]:37708 Closing
[Thu May 29 01:48:22 2025] [::1]:58210 Accepted
[Thu May 29 01:48:22 2025] [::1]:58210 [200]: POST /receiver.php
[Thu May 29 01:48:22 2025] [::1]:58210 Closing
[Thu May 29 01:48:24 2025] [::1]:58226 Accepted
[Thu May 29 01:48:24 2025] [::1]:58226 [200]: POST /receiver.php
[Thu May 29 01:48:24 2025] [::1]:58226 Closing
[Thu May 29 01:48:26 2025] [::1]:58242 Accepted
[Thu May 29 01:48:26 2025] [::1]:58242 [200]: POST /receiver.php
[Thu May 29 01:48:26 2025] [::1]:58242 Closing
[Thu May 29 01:48:28 2025] [::1]:58258 Accepted
[Thu May 29 01:48:28 2025] [::1]:58258 [200]: POST /receiver.php
[Thu May 29 01:48:28 2025] [::1]:58258 Closing
[Thu May 29 01:48:30 2025] [::1]:58260 Accepted
[Thu May 29 01:48:30 2025] [::1]:58260 [200]: POST /receiver.php
[Thu May 29 01:48:30 2025] [::1]:58260 Closing
[Thu May 29 01:48:32 2025] [::1]:35908 Accepted
[Thu May 29 01:48:32 2025] [::1]:35908 [200]: POST /receiver.php
[Thu May 29 01:48:32 2025] [::1]:35908 Closing
[Thu May 29 01:48:34 2025] [::1]:35922 Accepted
[Thu May 29 01:48:34 2025] [::1]:35922 [200]: POST /receiver.php
[Thu May 29 01:48:34 2025] [::1]:35922 Closing
[Thu May 29 01:48:36 2025] [::1]:35928 Accepted
[Thu May 29 01:48:36 2025] [::1]:35928 [200]: POST /receiver.php
[Thu May 29 01:48:36 2025] [::1]:35928 Closing
[Thu May 29 01:48:38 2025] [::1]:35938 Accepted
[Thu May 29 01:48:38 2025] [::1]:35938 [200]: POST /receiver.php
[Thu May 29 01:48:38 2025] [::1]:35938 Closing
[Thu May 29 01:48:40 2025] [::1]:35940 Accepted
[Thu May 29 01:48:40 2025] [::1]:35940 [200]: POST /receiver.php
[Thu May 29 01:48:40 2025] [::1]:35940 Closing
[Thu May 29 01:48:42 2025] [::1]:45400 Accepted
[Thu May 29 01:48:42 2025] [::1]:45400 [200]: POST /receiver.php
[Thu May 29 01:48:42 2025] [::1]:45400 Closing
[Thu May 29 01:48:45 2025] [::1]:45412 Accepted
[Thu May 29 01:48:45 2025] [::1]:45412 [200]: POST /receiver.php
[Thu May 29 01:48:45 2025] [::1]:45412 Closing
[Thu May 29 01:48:47 2025] [::1]:45428 Accepted
[Thu May 29 01:48:47 2025] [::1]:45428 [200]: POST /receiver.php
[Thu May 29 01:48:47 2025] [::1]:45428 Closing
[Thu May 29 01:48:49 2025] [::1]:45442 Accepted
[Thu May 29 01:48:49 2025] [::1]:45442 [200]: POST /receiver.php
[Thu May 29 01:48:49 2025] [::1]:45442 Closing
[Thu May 29 01:48:51 2025] [::1]:45448 Accepted
[Thu May 29 01:48:51 2025] [::1]:45448 [200]: POST /receiver.php
[Thu May 29 01:48:51 2025] [::1]:45448 Closing
[Thu May 29 01:48:53 2025] [::1]:58280 Accepted
[Thu May 29 01:48:53 2025] [::1]:58280 [200]: POST /receiver.php
[Thu May 29 01:48:53 2025] [::1]:58280 Closing
[Thu May 29 01:48:55 2025] [::1]:58294 Accepted
[Thu May 29 01:48:55 2025] [::1]:58294 [200]: POST /receiver.php
[Thu May 29 01:48:55 2025] [::1]:58294 Closing
[Thu May 29 01:48:57 2025] [::1]:58296 Accepted
[Thu May 29 01:48:57 2025] [::1]:58296 [200]: POST /receiver.php
[Thu May 29 01:48:57 2025] [::1]:58296 Closing
[Thu May 29 01:48:59 2025] [::1]:58298 Accepted
[Thu May 29 01:48:59 2025] [::1]:58298 [200]: POST /receiver.php
[Thu May 29 01:48:59 2025] [::1]:58298 Closing
[Thu May 29 01:49:01 2025] [::1]:59694 Accepted
[Thu May 29 01:49:01 2025] [::1]:59694 [200]: POST /receiver.php
[Thu May 29 01:49:01 2025] [::1]:59694 Closing
[Thu May 29 01:49:03 2025] [::1]:59710 Accepted
[Thu May 29 01:49:03 2025] [::1]:59710 [200]: POST /receiver.php
[Thu May 29 01:49:03 2025] [::1]:59710 Closing
[Thu May 29 01:49:05 2025] [::1]:59720 Accepted
[Thu May 29 01:49:05 2025] [::1]:59720 [200]: POST /receiver.php
[Thu May 29 01:49:05 2025] [::1]:59720 Closing
[Thu May 29 01:49:07 2025] [::1]:59728 Accepted
[Thu May 29 01:49:07 2025] [::1]:59728 [200]: POST /receiver.php
[Thu May 29 01:49:07 2025] [::1]:59728 Closing
[Thu May 29 01:49:09 2025] [::1]:59736 Accepted
[Thu May 29 01:49:09 2025] [::1]:59736 [200]: POST /receiver.php
[Thu May 29 01:49:09 2025] [::1]:59736 Closing
[Thu May 29 01:49:11 2025] [::1]:39186 Accepted
[Thu May 29 01:49:11 2025] [::1]:39186 [200]: POST /receiver.php
[Thu May 29 01:49:11 2025] [::1]:39186 Closing
[Thu May 29 01:49:13 2025] [::1]:39200 Accepted
[Thu May 29 01:49:13 2025] [::1]:39200 [200]: POST /receiver.php
[Thu May 29 01:49:13 2025] [::1]:39200 Closing
[Thu May 29 01:49:15 2025] [::1]:39208 Accepted
[Thu May 29 01:49:15 2025] [::1]:39208 [200]: POST /receiver.php
[Thu May 29 01:49:15 2025] [::1]:39208 Closing
[Thu May 29 01:49:17 2025] [::1]:39216 Accepted
[Thu May 29 01:49:17 2025] [::1]:39216 [200]: POST /receiver.php
[Thu May 29 01:49:17 2025] [::1]:39216 Closing
[Thu May 29 01:49:19 2025] [::1]:39228 Accepted
[Thu May 29 01:49:19 2025] [::1]:39228 [200]: POST /receiver.php
[Thu May 29 01:49:19 2025] [::1]:39228 Closing
[Thu May 29 01:49:21 2025] [::1]:57840 Accepted
[Thu May 29 01:49:21 2025] [::1]:57840 [200]: POST /receiver.php
[Thu May 29 01:49:21 2025] [::1]:57840 Closing
[Thu May 29 01:49:23 2025] [::1]:57850 Accepted
[Thu May 29 01:49:23 2025] [::1]:57850 [200]: POST /receiver.php
[Thu May 29 01:49:23 2025] [::1]:57850 Closing
[Thu May 29 01:49:25 2025] [::1]:57864 Accepted
[Thu May 29 01:49:25 2025] [::1]:57864 [200]: POST /receiver.php
[Thu May 29 01:49:25 2025] [::1]:57864 Closing
[Thu May 29 01:49:28 2025] [::1]:57872 Accepted
[Thu May 29 01:49:28 2025] [::1]:57872 [200]: POST /receiver.php
[Thu May 29 01:49:28 2025] [::1]:57872 Closing
[Thu May 29 01:49:30 2025] [::1]:57882 Accepted
[Thu May 29 01:49:30 2025] [::1]:57882 [200]: POST /receiver.php
[Thu May 29 01:49:30 2025] [::1]:57882 Closing
[Thu May 29 01:49:32 2025] [::1]:44888 Accepted
[Thu May 29 01:49:32 2025] [::1]:44888 [200]: POST /receiver.php
[Thu May 29 01:49:32 2025] [::1]:44888 Closing
[Thu May 29 01:49:34 2025] [::1]:44898 Accepted
[Thu May 29 01:49:34 2025] [::1]:44898 [200]: POST /receiver.php
[Thu May 29 01:49:34 2025] [::1]:44898 Closing
[Thu May 29 01:49:36 2025] [::1]:44904 Accepted
[Thu May 29 01:49:36 2025] [::1]:44904 [200]: POST /receiver.php
[Thu May 29 01:49:36 2025] [::1]:44904 Closing
[Thu May 29 01:49:38 2025] [::1]:44908 Accepted
[Thu May 29 01:49:38 2025] [::1]:44908 [200]: POST /receiver.php
[Thu May 29 01:49:38 2025] [::1]:44908 Closing
[Thu May 29 01:49:40 2025] [::1]:44920 Accepted
[Thu May 29 01:49:40 2025] [::1]:44920 [200]: POST /receiver.php
[Thu May 29 01:49:40 2025] [::1]:44920 Closing
[Thu May 29 01:49:42 2025] [::1]:33416 Accepted
[Thu May 29 01:49:42 2025] [::1]:33416 [200]: POST /receiver.php
[Thu May 29 01:49:42 2025] [::1]:33416 Closing
[Thu May 29 01:49:44 2025] [::1]:33428 Accepted
[Thu May 29 01:49:44 2025] [::1]:33428 [200]: POST /receiver.php
[Thu May 29 01:49:44 2025] [::1]:33428 Closing
[Thu May 29 01:49:46 2025] [::1]:33442 Accepted
[Thu May 29 01:49:46 2025] [::1]:33442 [200]: POST /receiver.php
[Thu May 29 01:49:46 2025] [::1]:33442 Closing
[Thu May 29 01:49:48 2025] [::1]:33452 Accepted
[Thu May 29 01:49:48 2025] [::1]:33452 [200]: POST /receiver.php
[Thu May 29 01:49:48 2025] [::1]:33452 Closing
[Thu May 29 01:49:51 2025] [::1]:43350 Accepted
[Thu May 29 01:49:51 2025] [::1]:43350 [200]: POST /receiver.php
[Thu May 29 01:49:51 2025] [::1]:43350 Closing
[Thu May 29 01:49:54 2025] [::1]:43358 Accepted
[Thu May 29 01:49:54 2025] [::1]:43358 [200]: POST /receiver.php
[Thu May 29 01:49:54 2025] [::1]:43358 Closing
[Thu May 29 01:49:54 2025] [::1]:43366 Accepted
[Thu May 29 01:49:54 2025] [::1]:43366 [200]: POST /receiver.php
[Thu May 29 01:49:54 2025] [::1]:43366 Closing
[Thu May 29 01:49:57 2025] [::1]:43368 Accepted
[Thu May 29 01:49:57 2025] [::1]:43368 [200]: POST /receiver.php
[Thu May 29 01:49:57 2025] [::1]:43368 Closing
[Thu May 29 01:49:59 2025] [::1]:43382 Accepted
[Thu May 29 01:49:59 2025] [::1]:43382 [200]: POST /receiver.php
[Thu May 29 01:49:59 2025] [::1]:43382 Closing
[Thu May 29 01:50:01 2025] [::1]:49208 Accepted
[Thu May 29 01:50:01 2025] [::1]:49208 [200]: POST /receiver.php
[Thu May 29 01:50:01 2025] [::1]:49208 Closing
[Thu May 29 01:50:02 2025] [::1]:49220 Accepted
[Thu May 29 01:50:02 2025] [::1]:49220 [200]: POST /receiver.php
[Thu May 29 01:50:02 2025] [::1]:49220 Closing
[Thu May 29 01:50:04 2025] [::1]:49228 Accepted
[Thu May 29 01:50:04 2025] [::1]:49228 [200]: POST /receiver.php
[Thu May 29 01:50:04 2025] [::1]:49228 Closing
[Thu May 29 01:50:06 2025] [::1]:49238 Accepted
[Thu May 29 01:50:06 2025] [::1]:49238 [200]: POST /receiver.php
[Thu May 29 01:50:06 2025] [::1]:49238 Closing
[Thu May 29 01:50:08 2025] [::1]:49244 Accepted
[Thu May 29 01:50:08 2025] [::1]:49244 [200]: POST /receiver.php
[Thu May 29 01:50:08 2025] [::1]:49244 Closing
[Thu May 29 01:50:10 2025] [::1]:49246 Accepted
[Thu May 29 01:50:10 2025] [::1]:49246 [200]: POST /receiver.php
[Thu May 29 01:50:10 2025] [::1]:49246 Closing
[Thu May 29 01:50:12 2025] [::1]:41984 Accepted
[Thu May 29 01:50:12 2025] [::1]:41984 [200]: POST /receiver.php
[Thu May 29 01:50:12 2025] [::1]:41984 Closing
[Thu May 29 01:50:14 2025] [::1]:41992 Accepted
[Thu May 29 01:50:14 2025] [::1]:41992 [200]: POST /receiver.php
[Thu May 29 01:50:14 2025] [::1]:41992 Closing
[Thu May 29 01:50:16 2025] [::1]:42006 Accepted
[Thu May 29 01:50:16 2025] [::1]:42006 [200]: POST /receiver.php
[Thu May 29 01:50:16 2025] [::1]:42006 Closing
[Thu May 29 01:50:18 2025] [::1]:42022 Accepted
[Thu May 29 01:50:18 2025] [::1]:42022 [200]: POST /receiver.php
[Thu May 29 01:50:18 2025] [::1]:42022 Closing
[Thu May 29 01:50:20 2025] [::1]:42028 Accepted
[Thu May 29 01:50:20 2025] [::1]:42028 [200]: POST /receiver.php
[Thu May 29 01:50:20 2025] [::1]:42028 Closing
[Thu May 29 01:50:22 2025] [::1]:54848 Accepted
[Thu May 29 01:50:22 2025] [::1]:54848 [200]: POST /receiver.php
[Thu May 29 01:50:22 2025] [::1]:54848 Closing
[Thu May 29 01:50:24 2025] [::1]:54854 Accepted
[Thu May 29 01:50:24 2025] [::1]:54854 [200]: POST /receiver.php
[Thu May 29 01:50:24 2025] [::1]:54854 Closing
[Thu May 29 01:50:26 2025] [::1]:54868 Accepted
[Thu May 29 01:50:26 2025] [::1]:54868 [200]: POST /receiver.php
[Thu May 29 01:50:26 2025] [::1]:54868 Closing
[Thu May 29 01:50:28 2025] [::1]:54872 Accepted
[Thu May 29 01:50:28 2025] [::1]:54872 [200]: POST /receiver.php
[Thu May 29 01:50:28 2025] [::1]:54872 Closing
[Thu May 29 01:50:30 2025] [::1]:54882 Accepted
[Thu May 29 01:50:30 2025] [::1]:54882 [200]: POST /receiver.php
[Thu May 29 01:50:30 2025] [::1]:54882 Closing
[Thu May 29 01:50:32 2025] [::1]:52816 Accepted
[Thu May 29 01:50:32 2025] [::1]:52816 [200]: POST /receiver.php
[Thu May 29 01:50:32 2025] [::1]:52816 Closing
[Thu May 29 01:50:34 2025] [::1]:52830 Accepted
[Thu May 29 01:50:34 2025] [::1]:52830 [200]: POST /receiver.php
[Thu May 29 01:50:34 2025] [::1]:52830 Closing
[Thu May 29 01:50:36 2025] [::1]:52836 Accepted
[Thu May 29 01:50:36 2025] [::1]:52836 [200]: POST /receiver.php
[Thu May 29 01:50:36 2025] [::1]:52836 Closing
[Thu May 29 01:50:38 2025] [::1]:52846 Accepted
[Thu May 29 01:50:38 2025] [::1]:52846 [200]: POST /receiver.php
[Thu May 29 01:50:38 2025] [::1]:52846 Closing
[Thu May 29 01:50:40 2025] [::1]:52852 Accepted
[Thu May 29 01:50:40 2025] [::1]:52852 [200]: POST /receiver.php
[Thu May 29 01:50:40 2025] [::1]:52852 Closing
[Thu May 29 01:50:43 2025] [::1]:48812 Accepted
[Thu May 29 01:50:43 2025] [::1]:48812 [200]: POST /receiver.php
[Thu May 29 01:50:43 2025] [::1]:48812 Closing
[Thu May 29 01:50:45 2025] [::1]:48826 Accepted
[Thu May 29 01:50:45 2025] [::1]:48826 [200]: POST /receiver.php
[Thu May 29 01:50:45 2025] [::1]:48826 Closing
[Thu May 29 01:50:47 2025] [::1]:48828 Accepted
[Thu May 29 01:50:47 2025] [::1]:48828 [200]: POST /receiver.php
[Thu May 29 01:50:47 2025] [::1]:48828 Closing
[Thu May 29 01:50:49 2025] [::1]:48842 Accepted
[Thu May 29 01:50:49 2025] [::1]:48842 [200]: POST /receiver.php
[Thu May 29 01:50:49 2025] [::1]:48842 Closing
[Thu May 29 01:50:51 2025] [::1]:48848 Accepted
[Thu May 29 01:50:51 2025] [::1]:48848 [200]: POST /receiver.php
[Thu May 29 01:50:51 2025] [::1]:48848 Closing
[Thu May 29 01:50:53 2025] [::1]:59272 Accepted
[Thu May 29 01:50:53 2025] [::1]:59272 [200]: POST /receiver.php
[Thu May 29 01:50:53 2025] [::1]:59272 Closing
[Thu May 29 01:50:55 2025] [::1]:59280 Accepted
[Thu May 29 01:50:55 2025] [::1]:59280 [200]: POST /receiver.php
[Thu May 29 01:50:55 2025] [::1]:59280 Closing
[Thu May 29 01:50:57 2025] [::1]:59284 Accepted
[Thu May 29 01:50:57 2025] [::1]:59284 [200]: POST /receiver.php
[Thu May 29 01:50:57 2025] [::1]:59284 Closing
[Thu May 29 01:50:59 2025] [::1]:59288 Accepted
[Thu May 29 01:50:59 2025] [::1]:59288 [200]: POST /receiver.php
[Thu May 29 01:50:59 2025] [::1]:59288 Closing
[Thu May 29 01:51:01 2025] [::1]:37078 Accepted
[Thu May 29 01:51:01 2025] [::1]:37078 [200]: POST /receiver.php
[Thu May 29 01:51:01 2025] [::1]:37078 Closing
[Thu May 29 01:51:03 2025] [::1]:37092 Accepted
[Thu May 29 01:51:03 2025] [::1]:37092 [200]: POST /receiver.php
[Thu May 29 01:51:03 2025] [::1]:37092 Closing
[Thu May 29 01:51:05 2025] [::1]:37096 Accepted
[Thu May 29 01:51:05 2025] [::1]:37096 [200]: POST /receiver.php
[Thu May 29 01:51:05 2025] [::1]:37096 Closing
[Thu May 29 01:51:08 2025] [::1]:37102 Accepted
[Thu May 29 01:51:08 2025] [::1]:37102 [200]: POST /receiver.php
[Thu May 29 01:51:08 2025] [::1]:37102 Closing
[Thu May 29 01:51:09 2025] [::1]:37104 Accepted
[Thu May 29 01:51:09 2025] [::1]:37104 [200]: POST /receiver.php
[Thu May 29 01:51:09 2025] [::1]:37104 Closing
[Thu May 29 01:51:11 2025] [::1]:44298 Accepted
[Thu May 29 01:51:11 2025] [::1]:44298 [200]: POST /receiver.php
[Thu May 29 01:51:11 2025] [::1]:44298 Closing
[Thu May 29 01:51:13 2025] [::1]:44310 Accepted
[Thu May 29 01:51:13 2025] [::1]:44310 [200]: POST /receiver.php
[Thu May 29 01:51:13 2025] [::1]:44310 Closing
[Thu May 29 01:51:15 2025] [::1]:44326 Accepted
[Thu May 29 01:51:15 2025] [::1]:44326 [200]: POST /receiver.php
[Thu May 29 01:51:15 2025] [::1]:44326 Closing
[Thu May 29 01:51:17 2025] [::1]:44336 Accepted
[Thu May 29 01:51:17 2025] [::1]:44336 [200]: POST /receiver.php
[Thu May 29 01:51:17 2025] [::1]:44336 Closing
[Thu May 29 01:51:19 2025] [::1]:44346 Accepted
[Thu May 29 01:51:19 2025] [::1]:44346 [200]: POST /receiver.php
[Thu May 29 01:51:19 2025] [::1]:44346 Closing
[Thu May 29 01:51:21 2025] [::1]:39190 Accepted
[Thu May 29 01:51:22 2025] [::1]:39190 [200]: POST /receiver.php
[Thu May 29 01:51:22 2025] [::1]:39190 Closing
[Thu May 29 01:51:23 2025] [::1]:39192 Accepted
[Thu May 29 01:51:23 2025] [::1]:39192 [200]: POST /receiver.php
[Thu May 29 01:51:23 2025] [::1]:39192 Closing
[Thu May 29 01:51:25 2025] [::1]:39198 Accepted
[Thu May 29 01:51:25 2025] [::1]:39198 [200]: POST /receiver.php
[Thu May 29 01:51:25 2025] [::1]:39198 Closing
[Thu May 29 01:51:27 2025] [::1]:39202 Accepted
[Thu May 29 01:51:27 2025] [::1]:39202 [200]: POST /receiver.php
[Thu May 29 01:51:27 2025] [::1]:39202 Closing
[Thu May 29 01:51:29 2025] [::1]:39218 Accepted
[Thu May 29 01:51:29 2025] [::1]:39218 [200]: POST /receiver.php
[Thu May 29 01:51:29 2025] [::1]:39218 Closing
[Thu May 29 01:51:32 2025] [::1]:37148 Accepted
[Thu May 29 01:51:32 2025] [::1]:37148 [200]: POST /receiver.php
[Thu May 29 01:51:32 2025] [::1]:37148 Closing
[Thu May 29 01:51:34 2025] [::1]:37154 Accepted
[Thu May 29 01:51:34 2025] [::1]:37154 [200]: POST /receiver.php
[Thu May 29 01:51:34 2025] [::1]:37154 Closing
[Thu May 29 01:51:36 2025] [::1]:37162 Accepted
[Thu May 29 01:51:36 2025] [::1]:37162 [200]: POST /receiver.php
[Thu May 29 01:51:36 2025] [::1]:37162 Closing
[Thu May 29 01:51:38 2025] [::1]:37170 Accepted
[Thu May 29 01:51:38 2025] [::1]:37170 [200]: POST /receiver.php
[Thu May 29 01:51:38 2025] [::1]:37170 Closing
[Thu May 29 01:51:40 2025] [::1]:37172 Accepted
[Thu May 29 01:51:40 2025] [::1]:37172 [200]: POST /receiver.php
[Thu May 29 01:51:40 2025] [::1]:37172 Closing
[Thu May 29 01:51:42 2025] [::1]:46036 Accepted
[Thu May 29 01:51:42 2025] [::1]:46036 [200]: POST /receiver.php
[Thu May 29 01:51:42 2025] [::1]:46036 Closing
[Thu May 29 01:51:44 2025] [::1]:46044 Accepted
[Thu May 29 01:51:44 2025] [::1]:46044 [200]: POST /receiver.php
[Thu May 29 01:51:44 2025] [::1]:46044 Closing
[Thu May 29 01:51:46 2025] [::1]:46052 Accepted
[Thu May 29 01:51:46 2025] [::1]:46052 [200]: POST /receiver.php
[Thu May 29 01:51:46 2025] [::1]:46052 Closing
[Thu May 29 01:51:48 2025] [::1]:46062 Accepted
[Thu May 29 01:51:48 2025] [::1]:46062 [200]: POST /receiver.php
[Thu May 29 01:51:48 2025] [::1]:46062 Closing
[Thu May 29 01:51:50 2025] [::1]:46076 Accepted
[Thu May 29 01:51:50 2025] [::1]:46076 [200]: POST /receiver.php
[Thu May 29 01:51:50 2025] [::1]:46076 Closing
[Thu May 29 01:51:52 2025] [::1]:45996 Accepted
[Thu May 29 01:51:52 2025] [::1]:45996 [200]: POST /receiver.php
[Thu May 29 01:51:52 2025] [::1]:45996 Closing
[Thu May 29 01:51:54 2025] [::1]:46008 Accepted
[Thu May 29 01:51:54 2025] [::1]:46008 [200]: POST /receiver.php
[Thu May 29 01:51:54 2025] [::1]:46008 Closing
[Thu May 29 01:51:56 2025] [::1]:46018 Accepted
[Thu May 29 01:51:56 2025] [::1]:46018 [200]: POST /receiver.php
[Thu May 29 01:51:56 2025] [::1]:46018 Closing
[Thu May 29 01:51:58 2025] [::1]:46022 Accepted
[Thu May 29 01:51:58 2025] [::1]:46022 [200]: POST /receiver.php
[Thu May 29 01:51:58 2025] [::1]:46022 Closing
[Thu May 29 01:52:00 2025] [::1]:46038 Accepted
[Thu May 29 01:52:00 2025] [::1]:46038 [200]: POST /receiver.php
[Thu May 29 01:52:00 2025] [::1]:46038 Closing
[Thu May 29 01:52:02 2025] [::1]:50664 Accepted
[Thu May 29 01:52:02 2025] [::1]:50664 [200]: POST /receiver.php
[Thu May 29 01:52:02 2025] [::1]:50664 Closing
[Thu May 29 01:52:04 2025] [::1]:50666 Accepted
[Thu May 29 01:52:04 2025] [::1]:50666 [200]: POST /receiver.php
[Thu May 29 01:52:04 2025] [::1]:50666 Closing
[Thu May 29 01:52:06 2025] [::1]:50670 Accepted
[Thu May 29 01:52:06 2025] [::1]:50670 [200]: POST /receiver.php
[Thu May 29 01:52:06 2025] [::1]:50670 Closing
[Thu May 29 01:52:09 2025] [::1]:50686 Accepted
[Thu May 29 01:52:09 2025] [::1]:50686 [200]: POST /receiver.php
[Thu May 29 01:52:09 2025] [::1]:50686 Closing
[Thu May 29 01:52:11 2025] [::1]:50700 Accepted
[Thu May 29 01:52:11 2025] [::1]:50700 [200]: POST /receiver.php
[Thu May 29 01:52:11 2025] [::1]:50700 Closing
[Thu May 29 01:52:13 2025] [::1]:36114 Accepted
[Thu May 29 01:52:13 2025] [::1]:36114 [200]: POST /receiver.php
[Thu May 29 01:52:13 2025] [::1]:36114 Closing
[Thu May 29 01:52:15 2025] [::1]:36116 Accepted
[Thu May 29 01:52:15 2025] [::1]:36116 [200]: POST /receiver.php
[Thu May 29 01:52:15 2025] [::1]:36116 Closing
[Thu May 29 01:52:17 2025] [::1]:36118 Accepted
[Thu May 29 01:52:17 2025] [::1]:36118 [200]: POST /receiver.php
[Thu May 29 01:52:17 2025] [::1]:36118 Closing
[Thu May 29 01:52:19 2025] [::1]:36130 Accepted
[Thu May 29 01:52:19 2025] [::1]:36130 [200]: POST /receiver.php
[Thu May 29 01:52:19 2025] [::1]:36130 Closing
[Thu May 29 01:52:21 2025] [::1]:60992 Accepted
[Thu May 29 01:52:21 2025] [::1]:60992 [200]: POST /receiver.php
[Thu May 29 01:52:21 2025] [::1]:60992 Closing
[Thu May 29 01:52:23 2025] [::1]:32770 Accepted
[Thu May 29 01:52:23 2025] [::1]:32770 [200]: POST /receiver.php
[Thu May 29 01:52:23 2025] [::1]:32770 Closing
[Thu May 29 01:52:25 2025] [::1]:32774 Accepted
[Thu May 29 01:52:25 2025] [::1]:32774 [200]: POST /receiver.php
[Thu May 29 01:52:25 2025] [::1]:32774 Closing
[Thu May 29 01:52:27 2025] [::1]:32790 Accepted
[Thu May 29 01:52:27 2025] [::1]:32790 [200]: POST /receiver.php
[Thu May 29 01:52:27 2025] [::1]:32790 Closing
[Thu May 29 01:52:29 2025] [::1]:32804 Accepted
[Thu May 29 01:52:29 2025] [::1]:32804 [200]: POST /receiver.php
[Thu May 29 01:52:29 2025] [::1]:32804 Closing
[Thu May 29 01:52:31 2025] [::1]:32916 Accepted
[Thu May 29 01:52:31 2025] [::1]:32916 [200]: POST /receiver.php
[Thu May 29 01:52:31 2025] [::1]:32916 Closing
[Thu May 29 01:52:33 2025] [::1]:32922 Accepted
[Thu May 29 01:52:33 2025] [::1]:32922 [200]: POST /receiver.php
[Thu May 29 01:52:33 2025] [::1]:32922 Closing
[Thu May 29 01:52:35 2025] [::1]:32938 Accepted
[Thu May 29 01:52:35 2025] [::1]:32938 [200]: POST /receiver.php
[Thu May 29 01:52:35 2025] [::1]:32938 Closing
[Thu May 29 01:52:37 2025] [::1]:32946 Accepted
[Thu May 29 01:52:37 2025] [::1]:32946 [200]: POST /receiver.php
[Thu May 29 01:52:37 2025] [::1]:32946 Closing
[Thu May 29 01:52:39 2025] [::1]:32948 Accepted
[Thu May 29 01:52:39 2025] [::1]:32948 [200]: POST /receiver.php
[Thu May 29 01:52:39 2025] [::1]:32948 Closing
[Thu May 29 01:52:42 2025] [::1]:58138 Accepted
[Thu May 29 01:52:42 2025] [::1]:58138 [200]: POST /receiver.php
[Thu May 29 01:52:42 2025] [::1]:58138 Closing
[Thu May 29 01:52:44 2025] [::1]:58142 Accepted
[Thu May 29 01:52:44 2025] [::1]:58142 [200]: POST /receiver.php
[Thu May 29 01:52:44 2025] [::1]:58142 Closing
[Thu May 29 01:52:46 2025] [::1]:58146 Accepted
[Thu May 29 01:52:46 2025] [::1]:58146 [200]: POST /receiver.php
[Thu May 29 01:52:46 2025] [::1]:58146 Closing
[Thu May 29 01:52:48 2025] [::1]:58150 Accepted
[Thu May 29 01:52:48 2025] [::1]:58150 [200]: POST /receiver.php
[Thu May 29 01:52:48 2025] [::1]:58150 Closing
[Thu May 29 01:52:50 2025] [::1]:58164 Accepted
[Thu May 29 01:52:50 2025] [::1]:58164 [200]: POST /receiver.php
[Thu May 29 01:52:50 2025] [::1]:58164 Closing
[Thu May 29 01:52:52 2025] [::1]:39542 Accepted
[Thu May 29 01:52:52 2025] [::1]:39542 [200]: POST /receiver.php
[Thu May 29 01:52:52 2025] [::1]:39542 Closing
[Thu May 29 01:52:54 2025] [::1]:39554 Accepted
[Thu May 29 01:52:54 2025] [::1]:39554 [200]: POST /receiver.php
[Thu May 29 01:52:54 2025] [::1]:39554 Closing
[Thu May 29 01:52:56 2025] [::1]:39562 Accepted
[Thu May 29 01:52:56 2025] [::1]:39562 [200]: POST /receiver.php
[Thu May 29 01:52:56 2025] [::1]:39562 Closing
[Thu May 29 01:52:58 2025] [::1]:39576 Accepted
[Thu May 29 01:52:58 2025] [::1]:39576 [200]: POST /receiver.php
[Thu May 29 01:52:58 2025] [::1]:39576 Closing
[Thu May 29 01:53:00 2025] [::1]:39584 Accepted
[Thu May 29 01:53:00 2025] [::1]:39584 [200]: POST /receiver.php
[Thu May 29 01:53:00 2025] [::1]:39584 Closing
[Thu May 29 01:53:02 2025] [::1]:56276 Accepted
[Thu May 29 01:53:02 2025] [::1]:56276 [200]: POST /receiver.php
[Thu May 29 01:53:02 2025] [::1]:56276 Closing
[Thu May 29 01:53:04 2025] [::1]:56292 Accepted
[Thu May 29 01:53:04 2025] [::1]:56292 [200]: POST /receiver.php
[Thu May 29 01:53:04 2025] [::1]:56292 Closing
[Thu May 29 01:53:06 2025] [::1]:56296 Accepted
[Thu May 29 01:53:06 2025] [::1]:56296 [200]: POST /receiver.php
[Thu May 29 01:53:06 2025] [::1]:56296 Closing
[Thu May 29 01:53:08 2025] [::1]:56312 Accepted
[Thu May 29 01:53:08 2025] [::1]:56312 [200]: POST /receiver.php
[Thu May 29 01:53:08 2025] [::1]:56312 Closing
[Thu May 29 01:53:10 2025] [::1]:56318 Accepted
[Thu May 29 01:53:10 2025] [::1]:56318 [200]: POST /receiver.php
[Thu May 29 01:53:10 2025] [::1]:56318 Closing
[Thu May 29 01:53:12 2025] [::1]:33240 Accepted
[Thu May 29 01:53:12 2025] [::1]:33240 [200]: POST /receiver.php
[Thu May 29 01:53:12 2025] [::1]:33240 Closing
[Thu May 29 01:53:14 2025] [::1]:33244 Accepted
[Thu May 29 01:53:14 2025] [::1]:33244 [200]: POST /receiver.php
[Thu May 29 01:53:14 2025] [::1]:33244 Closing
[Thu May 29 01:53:16 2025] [::1]:33246 Accepted
[Thu May 29 01:53:16 2025] [::1]:33246 [200]: POST /receiver.php
[Thu May 29 01:53:16 2025] [::1]:33246 Closing
[Thu May 29 01:53:18 2025] [::1]:33256 Accepted
[Thu May 29 01:53:18 2025] [::1]:33256 [200]: POST /receiver.php
[Thu May 29 01:53:18 2025] [::1]:33256 Closing
[Thu May 29 01:53:20 2025] [::1]:33264 Accepted
[Thu May 29 01:53:20 2025] [::1]:33264 [200]: POST /receiver.php
[Thu May 29 01:53:20 2025] [::1]:33264 Closing
[Thu May 29 01:53:22 2025] [::1]:60844 Accepted
[Thu May 29 01:53:22 2025] [::1]:60844 [200]: POST /receiver.php
[Thu May 29 01:53:22 2025] [::1]:60844 Closing
[Thu May 29 01:53:24 2025] [::1]:60848 Accepted
[Thu May 29 01:53:24 2025] [::1]:60848 [200]: POST /receiver.php
[Thu May 29 01:53:24 2025] [::1]:60848 Closing
[Thu May 29 01:53:26 2025] [::1]:60856 Accepted
[Thu May 29 01:53:26 2025] [::1]:60856 [200]: POST /receiver.php
[Thu May 29 01:53:26 2025] [::1]:60856 Closing
[Thu May 29 01:53:28 2025] [::1]:60860 Accepted
[Thu May 29 01:53:28 2025] [::1]:60860 [200]: POST /receiver.php
[Thu May 29 01:53:28 2025] [::1]:60860 Closing
[Thu May 29 01:53:31 2025] [::1]:60862 Accepted
[Thu May 29 01:53:31 2025] [::1]:60862 [200]: POST /receiver.php
[Thu May 29 01:53:31 2025] [::1]:60862 Closing
[Thu May 29 01:53:33 2025] [::1]:52348 Accepted
[Thu May 29 01:53:33 2025] [::1]:52348 [200]: POST /receiver.php
[Thu May 29 01:53:33 2025] [::1]:52348 Closing
[Thu May 29 01:53:35 2025] [::1]:52352 Accepted
[Thu May 29 01:53:35 2025] [::1]:52352 [200]: POST /receiver.php
[Thu May 29 01:53:35 2025] [::1]:52352 Closing
[Thu May 29 01:53:37 2025] [::1]:52354 Accepted
[Thu May 29 01:53:37 2025] [::1]:52354 [200]: POST /receiver.php
[Thu May 29 01:53:37 2025] [::1]:52354 Closing
[Thu May 29 01:53:39 2025] [::1]:52356 Accepted
[Thu May 29 01:53:39 2025] [::1]:52356 [200]: POST /receiver.php
[Thu May 29 01:53:39 2025] [::1]:52356 Closing
[Thu May 29 01:53:41 2025] [::1]:43726 Accepted
[Thu May 29 01:53:41 2025] [::1]:43726 [200]: POST /receiver.php
[Thu May 29 01:53:41 2025] [::1]:43726 Closing
[Thu May 29 01:53:43 2025] [::1]:43738 Accepted
[Thu May 29 01:53:43 2025] [::1]:43738 [200]: POST /receiver.php
[Thu May 29 01:53:43 2025] [::1]:43738 Closing
[Thu May 29 01:53:45 2025] [::1]:43750 Accepted
[Thu May 29 01:53:45 2025] [::1]:43750 [200]: POST /receiver.php
[Thu May 29 01:53:45 2025] [::1]:43750 Closing
[Thu May 29 01:53:47 2025] [::1]:43762 Accepted
[Thu May 29 01:53:47 2025] [::1]:43762 [200]: POST /receiver.php
[Thu May 29 01:53:47 2025] [::1]:43762 Closing
[Thu May 29 01:53:49 2025] [::1]:43766 Accepted
[Thu May 29 01:53:49 2025] [::1]:43766 [200]: POST /receiver.php
[Thu May 29 01:53:49 2025] [::1]:43766 Closing
[Thu May 29 01:53:51 2025] [::1]:59608 Accepted
[Thu May 29 01:53:51 2025] [::1]:59608 [200]: POST /receiver.php
[Thu May 29 01:53:51 2025] [::1]:59608 Closing
[Thu May 29 01:53:53 2025] [::1]:59618 Accepted
[Thu May 29 01:53:53 2025] [::1]:59618 [200]: POST /receiver.php
[Thu May 29 01:53:53 2025] [::1]:59618 Closing
[Thu May 29 01:53:56 2025] [::1]:59622 Accepted
[Thu May 29 01:53:56 2025] [::1]:59622 [200]: POST /receiver.php
[Thu May 29 01:53:56 2025] [::1]:59622 Closing
[Thu May 29 01:53:57 2025] [::1]:59632 Accepted
[Thu May 29 01:53:57 2025] [::1]:59632 [200]: POST /receiver.php
[Thu May 29 01:53:57 2025] [::1]:59632 Closing
[Thu May 29 01:53:59 2025] [::1]:59642 Accepted
[Thu May 29 01:53:59 2025] [::1]:59642 [200]: POST /receiver.php
[Thu May 29 01:53:59 2025] [::1]:59642 Closing
[Thu May 29 01:54:01 2025] [::1]:44340 Accepted
[Thu May 29 01:54:01 2025] [::1]:44340 [200]: POST /receiver.php
[Thu May 29 01:54:01 2025] [::1]:44340 Closing
[Thu May 29 01:54:04 2025] [::1]:44350 Accepted
[Thu May 29 01:54:04 2025] [::1]:44350 [200]: POST /receiver.php
[Thu May 29 01:54:04 2025] [::1]:44350 Closing
[Thu May 29 01:54:06 2025] [::1]:44360 Accepted
[Thu May 29 01:54:06 2025] [::1]:44360 [200]: POST /receiver.php
[Thu May 29 01:54:06 2025] [::1]:44360 Closing
[Thu May 29 01:54:08 2025] [::1]:44370 Accepted
[Thu May 29 01:54:08 2025] [::1]:44370 [200]: POST /receiver.php
[Thu May 29 01:54:08 2025] [::1]:44370 Closing
[Thu May 29 01:54:10 2025] [::1]:44372 Accepted
[Thu May 29 01:54:10 2025] [::1]:44372 [200]: POST /receiver.php
[Thu May 29 01:54:10 2025] [::1]:44372 Closing
[Thu May 29 01:54:12 2025] [::1]:44492 Accepted
[Thu May 29 01:54:12 2025] [::1]:44492 [200]: POST /receiver.php
[Thu May 29 01:54:12 2025] [::1]:44492 Closing
[Thu May 29 01:54:14 2025] [::1]:44500 Accepted
[Thu May 29 01:54:14 2025] [::1]:44500 [200]: POST /receiver.php
[Thu May 29 01:54:14 2025] [::1]:44500 Closing
[Thu May 29 01:54:16 2025] [::1]:44516 Accepted
[Thu May 29 01:54:16 2025] [::1]:44516 [200]: POST /receiver.php
[Thu May 29 01:54:16 2025] [::1]:44516 Closing
[Thu May 29 01:54:18 2025] [::1]:44518 Accepted
[Thu May 29 01:54:18 2025] [::1]:44518 [200]: POST /receiver.php
[Thu May 29 01:54:18 2025] [::1]:44518 Closing
[Thu May 29 01:54:20 2025] [::1]:44530 Accepted
[Thu May 29 01:54:20 2025] [::1]:44530 [200]: POST /receiver.php
[Thu May 29 01:54:20 2025] [::1]:44530 Closing
[Thu May 29 01:54:22 2025] [::1]:32874 Accepted
[Thu May 29 01:54:22 2025] [::1]:32874 [200]: POST /receiver.php
[Thu May 29 01:54:22 2025] [::1]:32874 Closing
[Thu May 29 01:54:24 2025] [::1]:32876 Accepted
[Thu May 29 01:54:24 2025] [::1]:32876 [200]: POST /receiver.php
[Thu May 29 01:54:24 2025] [::1]:32876 Closing
[Thu May 29 01:54:26 2025] [::1]:32880 Accepted
[Thu May 29 01:54:26 2025] [::1]:32880 [200]: POST /receiver.php
[Thu May 29 01:54:26 2025] [::1]:32880 Closing
[Thu May 29 01:54:28 2025] [::1]:32894 Accepted
[Thu May 29 01:54:28 2025] [::1]:32894 [200]: POST /receiver.php
[Thu May 29 01:54:28 2025] [::1]:32894 Closing
[Thu May 29 01:54:30 2025] [::1]:32902 Accepted
[Thu May 29 01:54:30 2025] [::1]:32902 [200]: POST /receiver.php
[Thu May 29 01:54:30 2025] [::1]:32902 Closing
[Thu May 29 01:54:32 2025] [::1]:57556 Accepted
[Thu May 29 01:54:32 2025] [::1]:57556 [200]: POST /receiver.php
[Thu May 29 01:54:32 2025] [::1]:57556 Closing
[Thu May 29 01:54:34 2025] [::1]:57558 Accepted
[Thu May 29 01:54:34 2025] [::1]:57558 [200]: POST /receiver.php
[Thu May 29 01:54:34 2025] [::1]:57558 Closing
[Thu May 29 01:54:36 2025] [::1]:57570 Accepted
[Thu May 29 01:54:36 2025] [::1]:57570 [200]: POST /receiver.php
[Thu May 29 01:54:36 2025] [::1]:57570 Closing
[Thu May 29 01:54:38 2025] [::1]:57574 Accepted
[Thu May 29 01:54:38 2025] [::1]:57574 [200]: POST /receiver.php
[Thu May 29 01:54:38 2025] [::1]:57574 Closing
[Thu May 29 01:54:40 2025] [::1]:57584 Accepted
[Thu May 29 01:54:40 2025] [::1]:57584 [200]: POST /receiver.php
[Thu May 29 01:54:40 2025] [::1]:57584 Closing
[Thu May 29 01:54:42 2025] [::1]:49312 Accepted
[Thu May 29 01:54:42 2025] [::1]:49312 [200]: POST /receiver.php
[Thu May 29 01:54:42 2025] [::1]:49312 Closing
[Thu May 29 01:54:44 2025] [::1]:49316 Accepted
[Thu May 29 01:54:44 2025] [::1]:49316 [200]: POST /receiver.php
[Thu May 29 01:54:44 2025] [::1]:49316 Closing
[Thu May 29 01:54:46 2025] [::1]:49322 Accepted
[Thu May 29 01:54:46 2025] [::1]:49322 [200]: POST /receiver.php
[Thu May 29 01:54:46 2025] [::1]:49322 Closing
[Thu May 29 01:54:48 2025] [::1]:49328 Accepted
[Thu May 29 01:54:48 2025] [::1]:49328 [200]: POST /receiver.php
[Thu May 29 01:54:48 2025] [::1]:49328 Closing
[Thu May 29 01:54:50 2025] [::1]:49336 Accepted
[Thu May 29 01:54:50 2025] [::1]:49336 [200]: POST /receiver.php
[Thu May 29 01:54:50 2025] [::1]:49336 Closing
[Thu May 29 01:54:52 2025] [::1]:38826 Accepted
[Thu May 29 01:54:52 2025] [::1]:38826 [200]: POST /receiver.php
[Thu May 29 01:54:52 2025] [::1]:38826 Closing
[Thu May 29 01:54:54 2025] [::1]:38832 Accepted
[Thu May 29 01:54:54 2025] [::1]:38832 [200]: POST /receiver.php
[Thu May 29 01:54:54 2025] [::1]:38832 Closing
[Thu May 29 01:54:56 2025] [::1]:38840 Accepted
[Thu May 29 01:54:56 2025] [::1]:38840 [200]: POST /receiver.php
[Thu May 29 01:54:56 2025] [::1]:38840 Closing
[Thu May 29 01:54:58 2025] [::1]:38842 Accepted
[Thu May 29 01:54:58 2025] [::1]:38842 [200]: POST /receiver.php
[Thu May 29 01:54:58 2025] [::1]:38842 Closing
[Thu May 29 01:55:00 2025] [::1]:38848 Accepted
[Thu May 29 01:55:00 2025] [::1]:38848 [200]: POST /receiver.php
[Thu May 29 01:55:00 2025] [::1]:38848 Closing
[Thu May 29 01:55:02 2025] [::1]:51566 Accepted
[Thu May 29 01:55:02 2025] [::1]:51566 [200]: POST /receiver.php
[Thu May 29 01:55:02 2025] [::1]:51566 Closing
[Thu May 29 01:55:04 2025] [::1]:51568 Accepted
[Thu May 29 01:55:04 2025] [::1]:51568 [200]: POST /receiver.php
[Thu May 29 01:55:04 2025] [::1]:51568 Closing
[Thu May 29 01:55:06 2025] [::1]:51574 Accepted
[Thu May 29 01:55:06 2025] [::1]:51574 [200]: POST /receiver.php
[Thu May 29 01:55:06 2025] [::1]:51574 Closing
[Thu May 29 01:55:09 2025] [::1]:51580 Accepted
[Thu May 29 01:55:09 2025] [::1]:51580 [200]: POST /receiver.php
[Thu May 29 01:55:09 2025] [::1]:51580 Closing
[Thu May 29 01:55:11 2025] [::1]:51584 Accepted
[Thu May 29 01:55:11 2025] [::1]:51584 [200]: POST /receiver.php
[Thu May 29 01:55:11 2025] [::1]:51584 Closing
[Thu May 29 01:55:13 2025] [::1]:53758 Accepted
[Thu May 29 01:55:13 2025] [::1]:53758 [200]: POST /receiver.php
[Thu May 29 01:55:13 2025] [::1]:53758 Closing
[Thu May 29 01:55:15 2025] [::1]:53766 Accepted
[Thu May 29 01:55:15 2025] [::1]:53766 [200]: POST /receiver.php
[Thu May 29 01:55:15 2025] [::1]:53766 Closing
[Thu May 29 01:55:17 2025] [::1]:53772 Accepted
[Thu May 29 01:55:17 2025] [::1]:53772 [200]: POST /receiver.php
[Thu May 29 01:55:17 2025] [::1]:53772 Closing
[Thu May 29 01:55:19 2025] [::1]:53778 Accepted
[Thu May 29 01:55:19 2025] [::1]:53778 [200]: POST /receiver.php
[Thu May 29 01:55:19 2025] [::1]:53778 Closing
[Thu May 29 01:55:21 2025] [::1]:53782 Accepted
[Thu May 29 01:55:21 2025] [::1]:53782 [200]: POST /receiver.php
[Thu May 29 01:55:21 2025] [::1]:53782 Closing
[Thu May 29 01:55:23 2025] [::1]:46510 Accepted
[Thu May 29 01:55:23 2025] [::1]:46510 [200]: POST /receiver.php
[Thu May 29 01:55:23 2025] [::1]:46510 Closing
[Thu May 29 01:55:25 2025] [::1]:46526 Accepted
[Thu May 29 01:55:25 2025] [::1]:46526 [200]: POST /receiver.php
[Thu May 29 01:55:25 2025] [::1]:46526 Closing
[Thu May 29 01:55:27 2025] [::1]:46534 Accepted
[Thu May 29 01:55:27 2025] [::1]:46534 [200]: POST /receiver.php
[Thu May 29 01:55:27 2025] [::1]:46534 Closing
[Thu May 29 01:55:29 2025] [::1]:46542 Accepted
[Thu May 29 01:55:29 2025] [::1]:46542 [200]: POST /receiver.php
[Thu May 29 01:55:29 2025] [::1]:46542 Closing
[Thu May 29 01:55:31 2025] [::1]:56978 Accepted
[Thu May 29 01:55:31 2025] [::1]:56978 [200]: POST /receiver.php
[Thu May 29 01:55:31 2025] [::1]:56978 Closing
[Thu May 29 01:55:33 2025] [::1]:56990 Accepted
[Thu May 29 01:55:33 2025] [::1]:56990 [200]: POST /receiver.php
[Thu May 29 01:55:33 2025] [::1]:56990 Closing
[Thu May 29 01:55:35 2025] [::1]:57002 Accepted
[Thu May 29 01:55:35 2025] [::1]:57002 [200]: POST /receiver.php
[Thu May 29 01:55:35 2025] [::1]:57002 Closing
[Thu May 29 01:55:37 2025] [::1]:57010 Accepted
[Thu May 29 01:55:37 2025] [::1]:57010 [200]: POST /receiver.php
[Thu May 29 01:55:37 2025] [::1]:57010 Closing
[Thu May 29 01:55:39 2025] [::1]:57018 Accepted
[Thu May 29 01:55:39 2025] [::1]:57018 [200]: POST /receiver.php
[Thu May 29 01:55:39 2025] [::1]:57018 Closing
[Thu May 29 01:55:41 2025] [::1]:39470 Accepted
[Thu May 29 01:55:41 2025] [::1]:39470 [200]: POST /receiver.php
[Thu May 29 01:55:41 2025] [::1]:39470 Closing
[Thu May 29 01:55:43 2025] [::1]:39486 Accepted
[Thu May 29 01:55:43 2025] [::1]:39486 [200]: POST /receiver.php
[Thu May 29 01:55:43 2025] [::1]:39486 Closing
[Thu May 29 01:55:45 2025] [::1]:39500 Accepted
[Thu May 29 01:55:45 2025] [::1]:39500 [200]: POST /receiver.php
[Thu May 29 01:55:45 2025] [::1]:39500 Closing
[Thu May 29 01:55:47 2025] [::1]:39502 Accepted
[Thu May 29 01:55:47 2025] [::1]:39502 [200]: POST /receiver.php
[Thu May 29 01:55:47 2025] [::1]:39502 Closing
[Thu May 29 01:55:49 2025] [::1]:39504 Accepted
[Thu May 29 01:55:49 2025] [::1]:39504 [200]: POST /receiver.php
[Thu May 29 01:55:49 2025] [::1]:39504 Closing
[Thu May 29 01:55:51 2025] [::1]:46048 Accepted
[Thu May 29 01:55:51 2025] [::1]:46048 [200]: POST /receiver.php
[Thu May 29 01:55:51 2025] [::1]:46048 Closing
[Thu May 29 01:55:53 2025] [::1]:46058 Accepted
[Thu May 29 01:55:53 2025] [::1]:46058 [200]: POST /receiver.php
[Thu May 29 01:55:53 2025] [::1]:46058 Closing
[Thu May 29 01:55:55 2025] [::1]:46064 Accepted
[Thu May 29 01:55:55 2025] [::1]:46064 [200]: POST /receiver.php
[Thu May 29 01:55:55 2025] [::1]:46064 Closing
[Thu May 29 01:55:57 2025] [::1]:46066 Accepted
[Thu May 29 01:55:57 2025] [::1]:46066 [200]: POST /receiver.php
[Thu May 29 01:55:57 2025] [::1]:46066 Closing
[Thu May 29 01:55:59 2025] [::1]:46076 Accepted
[Thu May 29 01:55:59 2025] [::1]:46076 [200]: POST /receiver.php
[Thu May 29 01:55:59 2025] [::1]:46076 Closing
[Thu May 29 01:56:01 2025] [::1]:39096 Accepted
[Thu May 29 01:56:01 2025] [::1]:39096 [200]: POST /receiver.php
[Thu May 29 01:56:01 2025] [::1]:39096 Closing
[Thu May 29 01:56:03 2025] [::1]:39104 Accepted
[Thu May 29 01:56:03 2025] [::1]:39104 [200]: POST /receiver.php
[Thu May 29 01:56:03 2025] [::1]:39104 Closing
[Thu May 29 01:56:05 2025] [::1]:39110 Accepted
[Thu May 29 01:56:05 2025] [::1]:39110 [200]: POST /receiver.php
[Thu May 29 01:56:05 2025] [::1]:39110 Closing
[Thu May 29 01:56:07 2025] [::1]:39122 Accepted
[Thu May 29 01:56:07 2025] [::1]:39122 [200]: POST /receiver.php
[Thu May 29 01:56:07 2025] [::1]:39122 Closing
[Thu May 29 01:56:10 2025] [::1]:39124 Accepted
[Thu May 29 01:56:10 2025] [::1]:39124 [200]: POST /receiver.php
[Thu May 29 01:56:10 2025] [::1]:39124 Closing
[Thu May 29 01:56:12 2025] [::1]:55714 Accepted
[Thu May 29 01:56:12 2025] [::1]:55714 [200]: POST /receiver.php
[Thu May 29 01:56:12 2025] [::1]:55714 Closing
[Thu May 29 01:56:14 2025] [::1]:55730 Accepted
[Thu May 29 01:56:14 2025] [::1]:55730 [200]: POST /receiver.php
[Thu May 29 01:56:14 2025] [::1]:55730 Closing
[Thu May 29 01:56:16 2025] [::1]:55738 Accepted
[Thu May 29 01:56:16 2025] [::1]:55738 [200]: POST /receiver.php
[Thu May 29 01:56:16 2025] [::1]:55738 Closing
[Thu May 29 01:56:18 2025] [::1]:55744 Accepted
[Thu May 29 01:56:18 2025] [::1]:55744 [200]: POST /receiver.php
[Thu May 29 01:56:18 2025] [::1]:55744 Closing
[Thu May 29 01:56:20 2025] [::1]:55750 Accepted
[Thu May 29 01:56:20 2025] [::1]:55750 [200]: POST /receiver.php
[Thu May 29 01:56:20 2025] [::1]:55750 Closing
[Thu May 29 01:56:22 2025] [::1]:49334 Accepted
[Thu May 29 01:56:22 2025] [::1]:49334 [200]: POST /receiver.php
[Thu May 29 01:56:22 2025] [::1]:49334 Closing
[Thu May 29 01:56:24 2025] [::1]:49348 Accepted
[Thu May 29 01:56:24 2025] [::1]:49348 [200]: POST /receiver.php
[Thu May 29 01:56:24 2025] [::1]:49348 Closing
[Thu May 29 01:56:26 2025] [::1]:49356 Accepted
[Thu May 29 01:56:26 2025] [::1]:49356 [200]: POST /receiver.php
[Thu May 29 01:56:26 2025] [::1]:49356 Closing
[Thu May 29 01:56:28 2025] [::1]:49364 Accepted
[Thu May 29 01:56:28 2025] [::1]:49364 [200]: POST /receiver.php
[Thu May 29 01:56:28 2025] [::1]:49364 Closing
[Thu May 29 01:56:30 2025] [::1]:49380 Accepted
[Thu May 29 01:56:30 2025] [::1]:49380 [200]: POST /receiver.php
[Thu May 29 01:56:30 2025] [::1]:49380 Closing
[Thu May 29 01:56:32 2025] [::1]:38576 Accepted
[Thu May 29 01:56:32 2025] [::1]:38576 [200]: POST /receiver.php
[Thu May 29 01:56:32 2025] [::1]:38576 Closing
[Thu May 29 01:56:34 2025] [::1]:38588 Accepted
[Thu May 29 01:56:34 2025] [::1]:38588 [200]: POST /receiver.php
[Thu May 29 01:56:34 2025] [::1]:38588 Closing
[Thu May 29 01:56:36 2025] [::1]:38596 Accepted
[Thu May 29 01:56:36 2025] [::1]:38596 [200]: POST /receiver.php
[Thu May 29 01:56:36 2025] [::1]:38596 Closing
[Thu May 29 01:56:38 2025] [::1]:38604 Accepted
[Thu May 29 01:56:38 2025] [::1]:38604 [200]: POST /receiver.php
[Thu May 29 01:56:38 2025] [::1]:38604 Closing
[Thu May 29 01:56:40 2025] [::1]:38610 Accepted
[Thu May 29 01:56:40 2025] [::1]:38610 [200]: POST /receiver.php
[Thu May 29 01:56:40 2025] [::1]:38610 Closing
[Thu May 29 01:56:42 2025] [::1]:58638 Accepted
[Thu May 29 01:56:42 2025] [::1]:58638 [200]: POST /receiver.php
[Thu May 29 01:56:42 2025] [::1]:58638 Closing
[Thu May 29 01:56:44 2025] [::1]:58654 Accepted
[Thu May 29 01:56:44 2025] [::1]:58654 [200]: POST /receiver.php
[Thu May 29 01:56:44 2025] [::1]:58654 Closing
[Thu May 29 01:56:46 2025] [::1]:58656 Accepted
[Thu May 29 01:56:46 2025] [::1]:58656 [200]: POST /receiver.php
[Thu May 29 01:56:46 2025] [::1]:58656 Closing
[Thu May 29 01:56:48 2025] [::1]:58672 Accepted
[Thu May 29 01:56:48 2025] [::1]:58672 [200]: POST /receiver.php
[Thu May 29 01:56:48 2025] [::1]:58672 Closing
[Thu May 29 01:56:50 2025] [::1]:58676 Accepted
[Thu May 29 01:56:50 2025] [::1]:58676 [200]: POST /receiver.php
[Thu May 29 01:56:50 2025] [::1]:58676 Closing
[Thu May 29 01:56:52 2025] [::1]:33102 Accepted
[Thu May 29 01:56:52 2025] [::1]:33102 [200]: POST /receiver.php
[Thu May 29 01:56:52 2025] [::1]:33102 Closing
[Thu May 29 01:56:54 2025] [::1]:33112 Accepted
[Thu May 29 01:56:54 2025] [::1]:33112 [200]: POST /receiver.php
[Thu May 29 01:56:54 2025] [::1]:33112 Closing
[Thu May 29 01:56:56 2025] [::1]:33116 Accepted
[Thu May 29 01:56:56 2025] [::1]:33116 [200]: POST /receiver.php
[Thu May 29 01:56:56 2025] [::1]:33116 Closing
[Thu May 29 01:56:58 2025] [::1]:33130 Accepted
[Thu May 29 01:56:58 2025] [::1]:33130 [200]: POST /receiver.php
[Thu May 29 01:56:58 2025] [::1]:33130 Closing
[Thu May 29 01:57:00 2025] [::1]:33144 Accepted
[Thu May 29 01:57:00 2025] [::1]:33144 [200]: POST /receiver.php
[Thu May 29 01:57:00 2025] [::1]:33144 Closing
[Thu May 29 01:57:02 2025] [::1]:55710 Accepted
[Thu May 29 01:57:02 2025] [::1]:55710 [200]: POST /receiver.php
[Thu May 29 01:57:02 2025] [::1]:55710 Closing
[Thu May 29 01:57:05 2025] [::1]:55718 Accepted
[Thu May 29 01:57:05 2025] [::1]:55718 [200]: POST /receiver.php
[Thu May 29 01:57:05 2025] [::1]:55718 Closing
[Thu May 29 01:57:07 2025] [::1]:55730 Accepted
[Thu May 29 01:57:07 2025] [::1]:55730 [200]: POST /receiver.php
[Thu May 29 01:57:07 2025] [::1]:55730 Closing
[Thu May 29 01:57:09 2025] [::1]:55734 Accepted
[Thu May 29 01:57:09 2025] [::1]:55734 [200]: POST /receiver.php
[Thu May 29 01:57:09 2025] [::1]:55734 Closing
[Thu May 29 01:57:11 2025] [::1]:55744 Accepted
[Thu May 29 01:57:11 2025] [::1]:55744 [200]: POST /receiver.php
[Thu May 29 01:57:11 2025] [::1]:55744 Closing
[Thu May 29 01:57:13 2025] [::1]:44288 Accepted
[Thu May 29 01:57:13 2025] [::1]:44288 [200]: POST /receiver.php
[Thu May 29 01:57:13 2025] [::1]:44288 Closing
[Thu May 29 01:57:15 2025] [::1]:44298 Accepted
[Thu May 29 01:57:15 2025] [::1]:44298 [200]: POST /receiver.php
[Thu May 29 01:57:15 2025] [::1]:44298 Closing
[Thu May 29 01:57:17 2025] [::1]:44310 Accepted
[Thu May 29 01:57:17 2025] [::1]:44310 [200]: POST /receiver.php
[Thu May 29 01:57:17 2025] [::1]:44310 Closing
[Thu May 29 01:57:19 2025] [::1]:44312 Accepted
[Thu May 29 01:57:19 2025] [::1]:44312 [200]: POST /receiver.php
[Thu May 29 01:57:19 2025] [::1]:44312 Closing
[Thu May 29 01:57:21 2025] [::1]:43292 Accepted
[Thu May 29 01:57:21 2025] [::1]:43292 [200]: POST /receiver.php
[Thu May 29 01:57:21 2025] [::1]:43292 Closing
[Thu May 29 01:57:23 2025] [::1]:43302 Accepted
[Thu May 29 01:57:23 2025] [::1]:43302 [200]: POST /receiver.php
[Thu May 29 01:57:23 2025] [::1]:43302 Closing
[Thu May 29 01:57:25 2025] [::1]:43312 Accepted
[Thu May 29 01:57:25 2025] [::1]:43312 [200]: POST /receiver.php
[Thu May 29 01:57:25 2025] [::1]:43312 Closing
[Thu May 29 01:57:27 2025] [::1]:43314 Accepted
[Thu May 29 01:57:27 2025] [::1]:43314 [200]: POST /receiver.php
[Thu May 29 01:57:27 2025] [::1]:43314 Closing
[Thu May 29 01:57:29 2025] [::1]:43316 Accepted
[Thu May 29 01:57:29 2025] [::1]:43316 [200]: POST /receiver.php
[Thu May 29 01:57:29 2025] [::1]:43316 Closing
[Thu May 29 01:57:31 2025] [::1]:37104 Accepted
[Thu May 29 01:57:31 2025] [::1]:37104 [200]: POST /receiver.php
[Thu May 29 01:57:31 2025] [::1]:37104 Closing
[Thu May 29 01:57:33 2025] [::1]:37120 Accepted
[Thu May 29 01:57:33 2025] [::1]:37120 [200]: POST /receiver.php
[Thu May 29 01:57:33 2025] [::1]:37120 Closing
[Thu May 29 01:57:35 2025] [::1]:37122 Accepted
[Thu May 29 01:57:35 2025] [::1]:37122 [200]: POST /receiver.php
[Thu May 29 01:57:35 2025] [::1]:37122 Closing
[Thu May 29 01:57:37 2025] [::1]:37138 Accepted
[Thu May 29 01:57:37 2025] [::1]:37138 [200]: POST /receiver.php
[Thu May 29 01:57:37 2025] [::1]:37138 Closing
[Thu May 29 01:57:39 2025] [::1]:37148 Accepted
[Thu May 29 01:57:39 2025] [::1]:37148 [200]: POST /receiver.php
[Thu May 29 01:57:39 2025] [::1]:37148 Closing
[Thu May 29 01:57:41 2025] [::1]:46532 Accepted
[Thu May 29 01:57:41 2025] [::1]:46532 [200]: POST /receiver.php
[Thu May 29 01:57:41 2025] [::1]:46532 Closing
[Thu May 29 01:57:43 2025] [::1]:46536 Accepted
[Thu May 29 01:57:43 2025] [::1]:46536 [200]: POST /receiver.php
[Thu May 29 01:57:43 2025] [::1]:46536 Closing
[Thu May 29 01:57:46 2025] [::1]:46552 Accepted
[Thu May 29 01:57:46 2025] [::1]:46552 [200]: POST /receiver.php
[Thu May 29 01:57:46 2025] [::1]:46552 Closing
[Thu May 29 01:57:47 2025] [::1]:46562 Accepted
[Thu May 29 01:57:47 2025] [::1]:46562 [200]: POST /receiver.php
[Thu May 29 01:57:47 2025] [::1]:46562 Closing
[Thu May 29 01:57:49 2025] [::1]:46576 Accepted
[Thu May 29 01:57:49 2025] [::1]:46576 [200]: POST /receiver.php
[Thu May 29 01:57:49 2025] [::1]:46576 Closing
[Thu May 29 01:57:52 2025] [::1]:44716 Accepted
[Thu May 29 01:57:52 2025] [::1]:44716 [200]: POST /receiver.php
[Thu May 29 01:57:52 2025] [::1]:44716 Closing
[Thu May 29 01:57:54 2025] [::1]:44722 Accepted
[Thu May 29 01:57:54 2025] [::1]:44722 [200]: POST /receiver.php
[Thu May 29 01:57:54 2025] [::1]:44722 Closing
[Thu May 29 01:57:56 2025] [::1]:44724 Accepted
[Thu May 29 01:57:56 2025] [::1]:44724 [200]: POST /receiver.php
[Thu May 29 01:57:56 2025] [::1]:44724 Closing
[Thu May 29 01:57:58 2025] [::1]:44736 Accepted
[Thu May 29 01:57:58 2025] [::1]:44736 [200]: POST /receiver.php
[Thu May 29 01:57:58 2025] [::1]:44736 Closing
[Thu May 29 01:58:00 2025] [::1]:44746 Accepted
[Thu May 29 01:58:00 2025] [::1]:44746 [200]: POST /receiver.php
[Thu May 29 01:58:00 2025] [::1]:44746 Closing
[Thu May 29 01:58:02 2025] [::1]:55694 Accepted
[Thu May 29 01:58:02 2025] [::1]:55694 [200]: POST /receiver.php
[Thu May 29 01:58:02 2025] [::1]:55694 Closing
[Thu May 29 01:58:04 2025] [::1]:55698 Accepted
[Thu May 29 01:58:04 2025] [::1]:55698 [200]: POST /receiver.php
[Thu May 29 01:58:04 2025] [::1]:55698 Closing
[Thu May 29 01:58:06 2025] [::1]:55704 Accepted
[Thu May 29 01:58:06 2025] [::1]:55704 [200]: POST /receiver.php
[Thu May 29 01:58:06 2025] [::1]:55704 Closing
[Thu May 29 01:58:08 2025] [::1]:55710 Accepted
[Thu May 29 01:58:08 2025] [::1]:55710 [200]: POST /receiver.php
[Thu May 29 01:58:08 2025] [::1]:55710 Closing
[Thu May 29 01:58:10 2025] [::1]:55716 Accepted
[Thu May 29 01:58:10 2025] [::1]:55716 [200]: POST /receiver.php
[Thu May 29 01:58:10 2025] [::1]:55716 Closing
[Thu May 29 01:58:12 2025] [::1]:57862 Accepted
[Thu May 29 01:58:12 2025] [::1]:57862 [200]: POST /receiver.php
[Thu May 29 01:58:12 2025] [::1]:57862 Closing
[Thu May 29 01:58:14 2025] [::1]:57874 Accepted
[Thu May 29 01:58:14 2025] [::1]:57874 [200]: POST /receiver.php
[Thu May 29 01:58:14 2025] [::1]:57874 Closing
[Thu May 29 01:58:16 2025] [::1]:57876 Accepted
[Thu May 29 01:58:16 2025] [::1]:57876 [200]: POST /receiver.php
[Thu May 29 01:58:16 2025] [::1]:57876 Closing
[Thu May 29 01:58:18 2025] [::1]:57888 Accepted
[Thu May 29 01:58:18 2025] [::1]:57888 [200]: POST /receiver.php
[Thu May 29 01:58:18 2025] [::1]:57888 Closing
[Thu May 29 01:58:20 2025] [::1]:57892 Accepted
[Thu May 29 01:58:20 2025] [::1]:57892 [200]: POST /receiver.php
[Thu May 29 01:58:20 2025] [::1]:57892 Closing
[Thu May 29 01:58:22 2025] [::1]:57252 Accepted
[Thu May 29 01:58:22 2025] [::1]:57252 [200]: POST /receiver.php
[Thu May 29 01:58:22 2025] [::1]:57252 Closing
[Thu May 29 01:58:24 2025] [::1]:57256 Accepted
[Thu May 29 01:58:24 2025] [::1]:57256 [200]: POST /receiver.php
[Thu May 29 01:58:24 2025] [::1]:57256 Closing
[Thu May 29 01:58:26 2025] [::1]:57272 Accepted
[Thu May 29 01:58:26 2025] [::1]:57272 [200]: POST /receiver.php
[Thu May 29 01:58:26 2025] [::1]:57272 Closing
[Thu May 29 01:58:29 2025] [::1]:57282 Accepted
[Thu May 29 01:58:29 2025] [::1]:57282 [200]: POST /receiver.php
[Thu May 29 01:58:29 2025] [::1]:57282 Closing
[Thu May 29 01:58:31 2025] [::1]:57292 Accepted
[Thu May 29 01:58:31 2025] [::1]:57292 [200]: POST /receiver.php
[Thu May 29 01:58:31 2025] [::1]:57292 Closing
[Thu May 29 01:58:33 2025] [::1]:59416 Accepted
[Thu May 29 01:58:33 2025] [::1]:59416 [200]: POST /receiver.php
[Thu May 29 01:58:33 2025] [::1]:59416 Closing
[Thu May 29 01:58:35 2025] [::1]:59420 Accepted
[Thu May 29 01:58:35 2025] [::1]:59420 [200]: POST /receiver.php
[Thu May 29 01:58:35 2025] [::1]:59420 Closing
[Thu May 29 01:58:37 2025] [::1]:59428 Accepted
[Thu May 29 01:58:37 2025] [::1]:59428 [200]: POST /receiver.php
[Thu May 29 01:58:37 2025] [::1]:59428 Closing
[Thu May 29 01:58:39 2025] [::1]:59434 Accepted
[Thu May 29 01:58:39 2025] [::1]:59434 [200]: POST /receiver.php
[Thu May 29 01:58:39 2025] [::1]:59434 Closing
[Thu May 29 01:58:41 2025] [::1]:59436 Accepted
[Thu May 29 01:58:41 2025] [::1]:59436 [200]: POST /receiver.php
[Thu May 29 01:58:41 2025] [::1]:59436 Closing
[Thu May 29 01:58:43 2025] [::1]:37260 Accepted
[Thu May 29 01:58:43 2025] [::1]:37260 [200]: POST /receiver.php
[Thu May 29 01:58:43 2025] [::1]:37260 Closing
[Thu May 29 01:58:45 2025] [::1]:37262 Accepted
[Thu May 29 01:58:45 2025] [::1]:37262 [200]: POST /receiver.php
[Thu May 29 01:58:45 2025] [::1]:37262 Closing
[Thu May 29 01:58:47 2025] [::1]:37274 Accepted
[Thu May 29 01:58:47 2025] [::1]:37274 [200]: POST /receiver.php
[Thu May 29 01:58:47 2025] [::1]:37274 Closing
[Thu May 29 01:58:49 2025] [::1]:37282 Accepted
[Thu May 29 01:58:49 2025] [::1]:37282 [200]: POST /receiver.php
[Thu May 29 01:58:49 2025] [::1]:37282 Closing
[Thu May 29 01:58:51 2025] [::1]:34154 Accepted
[Thu May 29 01:58:51 2025] [::1]:34154 [200]: POST /receiver.php
[Thu May 29 01:58:51 2025] [::1]:34154 Closing
[Thu May 29 01:58:53 2025] [::1]:34168 Accepted
[Thu May 29 01:58:53 2025] [::1]:34168 [200]: POST /receiver.php
[Thu May 29 01:58:53 2025] [::1]:34168 Closing
[Thu May 29 01:58:55 2025] [::1]:34178 Accepted
[Thu May 29 01:58:55 2025] [::1]:34178 [200]: POST /receiver.php
[Thu May 29 01:58:55 2025] [::1]:34178 Closing
[Thu May 29 01:58:57 2025] [::1]:34192 Accepted
[Thu May 29 01:58:57 2025] [::1]:34192 [200]: POST /receiver.php
[Thu May 29 01:58:57 2025] [::1]:34192 Closing
[Thu May 29 01:58:59 2025] [::1]:34202 Accepted
[Thu May 29 01:58:59 2025] [::1]:34202 [200]: POST /receiver.php
[Thu May 29 01:58:59 2025] [::1]:34202 Closing
[Thu May 29 01:59:01 2025] [::1]:53492 Accepted
[Thu May 29 01:59:01 2025] [::1]:53492 [200]: POST /receiver.php
[Thu May 29 01:59:01 2025] [::1]:53492 Closing
[Thu May 29 01:59:03 2025] [::1]:53500 Accepted
[Thu May 29 01:59:03 2025] [::1]:53500 [200]: POST /receiver.php
[Thu May 29 01:59:03 2025] [::1]:53500 Closing
[Thu May 29 01:59:05 2025] [::1]:53510 Accepted
[Thu May 29 01:59:05 2025] [::1]:53510 [200]: POST /receiver.php
[Thu May 29 01:59:05 2025] [::1]:53510 Closing
[Thu May 29 01:59:07 2025] [::1]:53514 Accepted
[Thu May 29 01:59:07 2025] [::1]:53514 [200]: POST /receiver.php
[Thu May 29 01:59:07 2025] [::1]:53514 Closing
[Thu May 29 01:59:09 2025] [::1]:53516 Accepted
[Thu May 29 01:59:09 2025] [::1]:53516 [200]: POST /receiver.php
[Thu May 29 01:59:09 2025] [::1]:53516 Closing
[Thu May 29 01:59:11 2025] [::1]:40428 Accepted
[Thu May 29 01:59:11 2025] [::1]:40428 [200]: POST /receiver.php
[Thu May 29 01:59:11 2025] [::1]:40428 Closing
[Thu May 29 01:59:13 2025] [::1]:40438 Accepted
[Thu May 29 01:59:13 2025] [::1]:40438 [200]: POST /receiver.php
[Thu May 29 01:59:13 2025] [::1]:40438 Closing
[Thu May 29 01:59:15 2025] [::1]:40440 Accepted
[Thu May 29 01:59:15 2025] [::1]:40440 [200]: POST /receiver.php
[Thu May 29 01:59:15 2025] [::1]:40440 Closing
[Thu May 29 01:59:17 2025] [::1]:40456 Accepted
[Thu May 29 01:59:17 2025] [::1]:40456 [200]: POST /receiver.php
[Thu May 29 01:59:17 2025] [::1]:40456 Closing
[Thu May 29 01:59:19 2025] [::1]:40464 Accepted
[Thu May 29 01:59:19 2025] [::1]:40464 [200]: POST /receiver.php
[Thu May 29 01:59:19 2025] [::1]:40464 Closing
[Thu May 29 01:59:21 2025] [::1]:36186 Accepted
[Thu May 29 01:59:21 2025] [::1]:36186 [200]: POST /receiver.php
[Thu May 29 01:59:21 2025] [::1]:36186 Closing
[Thu May 29 01:59:23 2025] [::1]:36188 Accepted
[Thu May 29 01:59:23 2025] [::1]:36188 [200]: POST /receiver.php
[Thu May 29 01:59:23 2025] [::1]:36188 Closing
[Thu May 29 01:59:25 2025] [::1]:36196 Accepted
[Thu May 29 01:59:25 2025] [::1]:36196 [200]: POST /receiver.php
[Thu May 29 01:59:25 2025] [::1]:36196 Closing
[Thu May 29 01:59:27 2025] [::1]:36208 Accepted
[Thu May 29 01:59:27 2025] [::1]:36208 [200]: POST /receiver.php
[Thu May 29 01:59:27 2025] [::1]:36208 Closing
[Thu May 29 01:59:29 2025] [::1]:36214 Accepted
[Thu May 29 01:59:29 2025] [::1]:36214 [200]: POST /receiver.php
[Thu May 29 01:59:29 2025] [::1]:36214 Closing
[Thu May 29 01:59:32 2025] [::1]:41216 Accepted
[Thu May 29 01:59:32 2025] [::1]:41216 [200]: POST /receiver.php
[Thu May 29 01:59:32 2025] [::1]:41216 Closing
[Thu May 29 01:59:33 2025] [::1]:41228 Accepted
[Thu May 29 01:59:33 2025] [::1]:41228 [200]: POST /receiver.php
[Thu May 29 01:59:33 2025] [::1]:41228 Closing
[Thu May 29 01:59:36 2025] [::1]:41242 Accepted
[Thu May 29 01:59:36 2025] [::1]:41242 [200]: POST /receiver.php
[Thu May 29 01:59:36 2025] [::1]:41242 Closing
[Thu May 29 01:59:37 2025] [::1]:41254 Accepted
[Thu May 29 01:59:37 2025] [::1]:41254 [200]: POST /receiver.php
[Thu May 29 01:59:37 2025] [::1]:41254 Closing
[Thu May 29 01:59:39 2025] [::1]:41270 Accepted
[Thu May 29 01:59:39 2025] [::1]:41270 [200]: POST /receiver.php
[Thu May 29 01:59:39 2025] [::1]:41270 Closing
[Thu May 29 01:59:41 2025] [::1]:60374 Accepted
[Thu May 29 01:59:41 2025] [::1]:60374 [200]: POST /receiver.php
[Thu May 29 01:59:41 2025] [::1]:60374 Closing
[Thu May 29 01:59:44 2025] [::1]:60378 Accepted
[Thu May 29 01:59:44 2025] [::1]:60378 [200]: POST /receiver.php
[Thu May 29 01:59:44 2025] [::1]:60378 Closing
[Thu May 29 01:59:46 2025] [::1]:60382 Accepted
[Thu May 29 01:59:46 2025] [::1]:60382 [200]: POST /receiver.php
[Thu May 29 01:59:46 2025] [::1]:60382 Closing
[Thu May 29 01:59:48 2025] [::1]:60394 Accepted
[Thu May 29 01:59:48 2025] [::1]:60394 [200]: POST /receiver.php
[Thu May 29 01:59:48 2025] [::1]:60394 Closing
[Thu May 29 01:59:50 2025] [::1]:60398 Accepted
[Thu May 29 01:59:50 2025] [::1]:60398 [200]: POST /receiver.php
[Thu May 29 01:59:50 2025] [::1]:60398 Closing
[Thu May 29 01:59:52 2025] [::1]:51142 Accepted
[Thu May 29 01:59:52 2025] [::1]:51142 [200]: POST /receiver.php
[Thu May 29 01:59:52 2025] [::1]:51142 Closing
[Thu May 29 01:59:54 2025] [::1]:51154 Accepted
[Thu May 29 01:59:54 2025] [::1]:51154 [200]: POST /receiver.php
[Thu May 29 01:59:54 2025] [::1]:51154 Closing
[Thu May 29 01:59:56 2025] [::1]:51162 Accepted
[Thu May 29 01:59:56 2025] [::1]:51162 [200]: POST /receiver.php
[Thu May 29 01:59:56 2025] [::1]:51162 Closing
[Thu May 29 01:59:58 2025] [::1]:51168 Accepted
[Thu May 29 01:59:58 2025] [::1]:51168 [200]: POST /receiver.php
[Thu May 29 01:59:58 2025] [::1]:51168 Closing
